CRITICAL - 2024-05-09 09:20:11 --> Undefined variable $id
in APPPATH/Views/admin/v_pengguna.php on line 211.
 1 APPPATH/Views/admin/v_pengguna.php(211): CodeIgniter\Debug\Exceptions->errorHandler(2, 'Undefined variable $id', '/home/loergrou/app/app/Views/admin/v_pengguna.php', 211)
 2 SYSTEMPATH/View/View.php(228): include('/home/loergrou/app/app/Views/admin/v_pengguna.php')
 3 SYSTEMPATH/View/View.php(231): CodeIgniter\View\View->CodeIgniter\View\{closure}()
 4 SYSTEMPATH/Common.php(1190): CodeIgniter\View\View->render('admin/v_pengguna', [], true)
 5 APPPATH/Controllers/Pengguna.php(38): view('admin/v_pengguna', [...])
 6 SYSTEMPATH/CodeIgniter.php(942): App\Controllers\Pengguna->search()
 7 SYSTEMPATH/CodeIgniter.php(502): CodeIgniter\CodeIgniter->runController(Object(App\Controllers\Pengguna))
 8 SYSTEMPATH/CodeIgniter.php(361): CodeIgniter\CodeIgniter->handleRequest(null, Object(Config\Cache), false)
 9 FCPATH/index.php(79): CodeIgniter\CodeIgniter->run()
CRITICAL - 2024-05-09 09:20:43 --> Undefined variable $id
in APPPATH/Views/admin/v_pengguna.php on line 211.
 1 APPPATH/Views/admin/v_pengguna.php(211): CodeIgniter\Debug\Exceptions->errorHandler(2, 'Undefined variable $id', '/home/loergrou/app/app/Views/admin/v_pengguna.php', 211)
 2 SYSTEMPATH/View/View.php(228): include('/home/loergrou/app/app/Views/admin/v_pengguna.php')
 3 SYSTEMPATH/View/View.php(231): CodeIgniter\View\View->CodeIgniter\View\{closure}()
 4 SYSTEMPATH/Common.php(1190): CodeIgniter\View\View->render('admin/v_pengguna', [], true)
 5 APPPATH/Controllers/Pengguna.php(38): view('admin/v_pengguna', [...])
 6 SYSTEMPATH/CodeIgniter.php(942): App\Controllers\Pengguna->search()
 7 SYSTEMPATH/CodeIgniter.php(502): CodeIgniter\CodeIgniter->runController(Object(App\Controllers\Pengguna))
 8 SYSTEMPATH/CodeIgniter.php(361): CodeIgniter\CodeIgniter->handleRequest(null, Object(Config\Cache), false)
 9 FCPATH/index.php(79): CodeIgniter\CodeIgniter->run()
CRITICAL - 2024-05-09 09:21:34 --> Undefined variable $id
in APPPATH/Views/admin/v_pengguna.php on line 211.
 1 APPPATH/Views/admin/v_pengguna.php(211): CodeIgniter\Debug\Exceptions->errorHandler(2, 'Undefined variable $id', '/home/loergrou/app/app/Views/admin/v_pengguna.php', 211)
 2 SYSTEMPATH/View/View.php(228): include('/home/loergrou/app/app/Views/admin/v_pengguna.php')
 3 SYSTEMPATH/View/View.php(231): CodeIgniter\View\View->CodeIgniter\View\{closure}()
 4 SYSTEMPATH/Common.php(1190): CodeIgniter\View\View->render('admin/v_pengguna', [], true)
 5 APPPATH/Controllers/Pengguna.php(38): view('admin/v_pengguna', [...])
 6 SYSTEMPATH/CodeIgniter.php(942): App\Controllers\Pengguna->search()
 7 SYSTEMPATH/CodeIgniter.php(502): CodeIgniter\CodeIgniter->runController(Object(App\Controllers\Pengguna))
 8 SYSTEMPATH/CodeIgniter.php(361): CodeIgniter\CodeIgniter->handleRequest(null, Object(Config\Cache), false)
 9 FCPATH/index.php(79): CodeIgniter\CodeIgniter->run()
