CRITICAL - 2023-10-24 18:39:55 --> The framework needs the following extension(s) installed and loaded: intl.
in SYSTEMPATH\CodeIgniter.php on line 252.
 1 SYSTEMPATH\CodeIgniter.php(252): CodeIgniter\Exceptions\FrameworkException::forMissingExtension('intl')
 2 SYSTEMPATH\CodeIgniter.php(214): CodeIgniter\CodeIgniter->resolvePlatformExtensions()
 3 FCPATH\index.php(67): CodeIgniter\CodeIgniter->initialize()
CRITICAL - 2023-10-24 18:39:55 --> Uncaught Error: Class "Locale" not found in C:\xampp\htdocs\latihan\system\Helpers\number_helper.php:136
Stack trace:
#0 C:\xampp\htdocs\latihan\system\Helpers\number_helper.php(55): format_number(14.0, 2, NULL, Array)
#1 C:\xampp\htdocs\latihan\system\Debug\BaseExceptionHandler.php(145): number_to_size(14.0, 2)
#2 C:\xampp\htdocs\latihan\app\Views\errors\html\error_exception.php(360): CodeIgniter\Debug\BaseExceptionHandler::describeMemory(14680064)
#3 C:\xampp\htdocs\latihan\system\Debug\BaseExceptionHandler.php(241): include('C:\\xampp\\htdocs...')
#4 C:\xampp\htdocs\latihan\system\Debug\BaseExceptionHandler.php(244): CodeIgniter\Debug\BaseExceptionHandler->CodeIgniter\Debug\{closure}()
#5 C:\xampp\htdocs\latihan\system\Debug\ExceptionHandler.php(112): CodeIgniter\Debug\BaseExceptionHandler->render(Object(CodeIgniter\Exceptions\FrameworkException), 500, 'C:\\xampp\\htdocs...')
#6 C:\xampp\htdocs\latihan\system\Debug\Exceptions.php(148): CodeIgniter\Debug\ExceptionHandler->handle(Object(CodeIgniter\Exceptions\FrameworkException), Object(CodeIgniter\HTTP\IncomingRequest), Object(CodeIgniter\HTTP\Response), 500, 1)
#7 [internal function]: CodeIgniter\Debug\Exceptions->exceptionHandler(Object(CodeIgniter\Exceptions\FrameworkException))
#8 {main}
  thrown
【Previous Exception】
CodeIgniter\Exceptions\FrameworkException
The framework needs the following extension(s) installed and loaded: intl.
#0 C:\xampp\htdocs\latihan\system\CodeIgniter.php(252): CodeIgniter\Exceptions\FrameworkException::forMissingExtension('intl')
#1 C:\xampp\htdocs\latihan\system\CodeIgniter.php(214): CodeIgniter\CodeIgniter->resolvePlatformExtensions()
#2 C:\xampp\htdocs\latihan\public\index.php(67): CodeIgniter\CodeIgniter->initialize()
#3 {main}
in SYSTEMPATH\Helpers\number_helper.php on line 136.
 1 [internal function]: CodeIgniter\Debug\Exceptions->shutdownHandler()
CRITICAL - 2023-10-24 18:41:07 --> The framework needs the following extension(s) installed and loaded: intl.
in SYSTEMPATH\CodeIgniter.php on line 252.
 1 SYSTEMPATH\CodeIgniter.php(252): CodeIgniter\Exceptions\FrameworkException::forMissingExtension('intl')
 2 SYSTEMPATH\CodeIgniter.php(214): CodeIgniter\CodeIgniter->resolvePlatformExtensions()
 3 FCPATH\index.php(67): CodeIgniter\CodeIgniter->initialize()
CRITICAL - 2023-10-24 18:41:07 --> Uncaught Error: Class "Locale" not found in C:\xampp\htdocs\latihan\system\Helpers\number_helper.php:136
Stack trace:
#0 C:\xampp\htdocs\latihan\system\Helpers\number_helper.php(55): format_number(12.0, 2, NULL, Array)
#1 C:\xampp\htdocs\latihan\system\Debug\BaseExceptionHandler.php(145): number_to_size(12.0, 2)
#2 C:\xampp\htdocs\latihan\app\Views\errors\html\error_exception.php(360): CodeIgniter\Debug\BaseExceptionHandler::describeMemory(12582912)
#3 C:\xampp\htdocs\latihan\system\Debug\BaseExceptionHandler.php(241): include('C:\\xampp\\htdocs...')
#4 C:\xampp\htdocs\latihan\system\Debug\BaseExceptionHandler.php(244): CodeIgniter\Debug\BaseExceptionHandler->CodeIgniter\Debug\{closure}()
#5 C:\xampp\htdocs\latihan\system\Debug\ExceptionHandler.php(112): CodeIgniter\Debug\BaseExceptionHandler->render(Object(CodeIgniter\Exceptions\FrameworkException), 500, 'C:\\xampp\\htdocs...')
#6 C:\xampp\htdocs\latihan\system\Debug\Exceptions.php(148): CodeIgniter\Debug\ExceptionHandler->handle(Object(CodeIgniter\Exceptions\FrameworkException), Object(CodeIgniter\HTTP\IncomingRequest), Object(CodeIgniter\HTTP\Response), 500, 1)
#7 [internal function]: CodeIgniter\Debug\Exceptions->exceptionHandler(Object(CodeIgniter\Exceptions\FrameworkException))
#8 {main}
  thrown
【Previous Exception】
CodeIgniter\Exceptions\FrameworkException
The framework needs the following extension(s) installed and loaded: intl.
#0 C:\xampp\htdocs\latihan\system\CodeIgniter.php(252): CodeIgniter\Exceptions\FrameworkException::forMissingExtension('intl')
#1 C:\xampp\htdocs\latihan\system\CodeIgniter.php(214): CodeIgniter\CodeIgniter->resolvePlatformExtensions()
#2 C:\xampp\htdocs\latihan\public\index.php(67): CodeIgniter\CodeIgniter->initialize()
#3 {main}
in SYSTEMPATH\Helpers\number_helper.php on line 136.
 1 [internal function]: CodeIgniter\Debug\Exceptions->shutdownHandler()
CRITICAL - 2023-10-24 18:41:08 --> The framework needs the following extension(s) installed and loaded: intl.
in SYSTEMPATH\CodeIgniter.php on line 252.
 1 SYSTEMPATH\CodeIgniter.php(252): CodeIgniter\Exceptions\FrameworkException::forMissingExtension('intl')
 2 SYSTEMPATH\CodeIgniter.php(214): CodeIgniter\CodeIgniter->resolvePlatformExtensions()
 3 FCPATH\index.php(67): CodeIgniter\CodeIgniter->initialize()
CRITICAL - 2023-10-24 18:41:08 --> Uncaught Error: Class "Locale" not found in C:\xampp\htdocs\latihan\system\Helpers\number_helper.php:136
Stack trace:
#0 C:\xampp\htdocs\latihan\system\Helpers\number_helper.php(55): format_number(8.0, 2, NULL, Array)
#1 C:\xampp\htdocs\latihan\system\Debug\BaseExceptionHandler.php(145): number_to_size(8.0, 2)
#2 C:\xampp\htdocs\latihan\app\Views\errors\html\error_exception.php(360): CodeIgniter\Debug\BaseExceptionHandler::describeMemory(8388608)
#3 C:\xampp\htdocs\latihan\system\Debug\BaseExceptionHandler.php(241): include('C:\\xampp\\htdocs...')
#4 C:\xampp\htdocs\latihan\system\Debug\BaseExceptionHandler.php(244): CodeIgniter\Debug\BaseExceptionHandler->CodeIgniter\Debug\{closure}()
#5 C:\xampp\htdocs\latihan\system\Debug\ExceptionHandler.php(112): CodeIgniter\Debug\BaseExceptionHandler->render(Object(CodeIgniter\Exceptions\FrameworkException), 500, 'C:\\xampp\\htdocs...')
#6 C:\xampp\htdocs\latihan\system\Debug\Exceptions.php(148): CodeIgniter\Debug\ExceptionHandler->handle(Object(CodeIgniter\Exceptions\FrameworkException), Object(CodeIgniter\HTTP\IncomingRequest), Object(CodeIgniter\HTTP\Response), 500, 1)
#7 [internal function]: CodeIgniter\Debug\Exceptions->exceptionHandler(Object(CodeIgniter\Exceptions\FrameworkException))
#8 {main}
  thrown
【Previous Exception】
CodeIgniter\Exceptions\FrameworkException
The framework needs the following extension(s) installed and loaded: intl.
#0 C:\xampp\htdocs\latihan\system\CodeIgniter.php(252): CodeIgniter\Exceptions\FrameworkException::forMissingExtension('intl')
#1 C:\xampp\htdocs\latihan\system\CodeIgniter.php(214): CodeIgniter\CodeIgniter->resolvePlatformExtensions()
#2 C:\xampp\htdocs\latihan\public\index.php(67): CodeIgniter\CodeIgniter->initialize()
#3 {main}
in SYSTEMPATH\Helpers\number_helper.php on line 136.
 1 [internal function]: CodeIgniter\Debug\Exceptions->shutdownHandler()
CRITICAL - 2023-10-24 18:41:09 --> The framework needs the following extension(s) installed and loaded: intl.
in SYSTEMPATH\CodeIgniter.php on line 252.
 1 SYSTEMPATH\CodeIgniter.php(252): CodeIgniter\Exceptions\FrameworkException::forMissingExtension('intl')
 2 SYSTEMPATH\CodeIgniter.php(214): CodeIgniter\CodeIgniter->resolvePlatformExtensions()
 3 FCPATH\index.php(67): CodeIgniter\CodeIgniter->initialize()
CRITICAL - 2023-10-24 18:41:09 --> Uncaught Error: Class "Locale" not found in C:\xampp\htdocs\latihan\system\Helpers\number_helper.php:136
Stack trace:
#0 C:\xampp\htdocs\latihan\system\Helpers\number_helper.php(55): format_number(8.0, 2, NULL, Array)
#1 C:\xampp\htdocs\latihan\system\Debug\BaseExceptionHandler.php(145): number_to_size(8.0, 2)
#2 C:\xampp\htdocs\latihan\app\Views\errors\html\error_exception.php(360): CodeIgniter\Debug\BaseExceptionHandler::describeMemory(8388608)
#3 C:\xampp\htdocs\latihan\system\Debug\BaseExceptionHandler.php(241): include('C:\\xampp\\htdocs...')
#4 C:\xampp\htdocs\latihan\system\Debug\BaseExceptionHandler.php(244): CodeIgniter\Debug\BaseExceptionHandler->CodeIgniter\Debug\{closure}()
#5 C:\xampp\htdocs\latihan\system\Debug\ExceptionHandler.php(112): CodeIgniter\Debug\BaseExceptionHandler->render(Object(CodeIgniter\Exceptions\FrameworkException), 500, 'C:\\xampp\\htdocs...')
#6 C:\xampp\htdocs\latihan\system\Debug\Exceptions.php(148): CodeIgniter\Debug\ExceptionHandler->handle(Object(CodeIgniter\Exceptions\FrameworkException), Object(CodeIgniter\HTTP\IncomingRequest), Object(CodeIgniter\HTTP\Response), 500, 1)
#7 [internal function]: CodeIgniter\Debug\Exceptions->exceptionHandler(Object(CodeIgniter\Exceptions\FrameworkException))
#8 {main}
  thrown
【Previous Exception】
CodeIgniter\Exceptions\FrameworkException
The framework needs the following extension(s) installed and loaded: intl.
#0 C:\xampp\htdocs\latihan\system\CodeIgniter.php(252): CodeIgniter\Exceptions\FrameworkException::forMissingExtension('intl')
#1 C:\xampp\htdocs\latihan\system\CodeIgniter.php(214): CodeIgniter\CodeIgniter->resolvePlatformExtensions()
#2 C:\xampp\htdocs\latihan\public\index.php(67): CodeIgniter\CodeIgniter->initialize()
#3 {main}
in SYSTEMPATH\Helpers\number_helper.php on line 136.
 1 [internal function]: CodeIgniter\Debug\Exceptions->shutdownHandler()
CRITICAL - 2023-10-24 18:41:11 --> The framework needs the following extension(s) installed and loaded: intl.
in SYSTEMPATH\CodeIgniter.php on line 252.
 1 SYSTEMPATH\CodeIgniter.php(252): CodeIgniter\Exceptions\FrameworkException::forMissingExtension('intl')
 2 SYSTEMPATH\CodeIgniter.php(214): CodeIgniter\CodeIgniter->resolvePlatformExtensions()
 3 FCPATH\index.php(67): CodeIgniter\CodeIgniter->initialize()
CRITICAL - 2023-10-24 18:41:11 --> Uncaught Error: Class "Locale" not found in C:\xampp\htdocs\latihan\system\Helpers\number_helper.php:136
Stack trace:
#0 C:\xampp\htdocs\latihan\system\Helpers\number_helper.php(55): format_number(6.0, 2, NULL, Array)
#1 C:\xampp\htdocs\latihan\system\Debug\BaseExceptionHandler.php(145): number_to_size(6.0, 2)
#2 C:\xampp\htdocs\latihan\app\Views\errors\html\error_exception.php(360): CodeIgniter\Debug\BaseExceptionHandler::describeMemory(6291456)
#3 C:\xampp\htdocs\latihan\system\Debug\BaseExceptionHandler.php(241): include('C:\\xampp\\htdocs...')
#4 C:\xampp\htdocs\latihan\system\Debug\BaseExceptionHandler.php(244): CodeIgniter\Debug\BaseExceptionHandler->CodeIgniter\Debug\{closure}()
#5 C:\xampp\htdocs\latihan\system\Debug\ExceptionHandler.php(112): CodeIgniter\Debug\BaseExceptionHandler->render(Object(CodeIgniter\Exceptions\FrameworkException), 500, 'C:\\xampp\\htdocs...')
#6 C:\xampp\htdocs\latihan\system\Debug\Exceptions.php(148): CodeIgniter\Debug\ExceptionHandler->handle(Object(CodeIgniter\Exceptions\FrameworkException), Object(CodeIgniter\HTTP\IncomingRequest), Object(CodeIgniter\HTTP\Response), 500, 1)
#7 [internal function]: CodeIgniter\Debug\Exceptions->exceptionHandler(Object(CodeIgniter\Exceptions\FrameworkException))
#8 {main}
  thrown
【Previous Exception】
CodeIgniter\Exceptions\FrameworkException
The framework needs the following extension(s) installed and loaded: intl.
#0 C:\xampp\htdocs\latihan\system\CodeIgniter.php(252): CodeIgniter\Exceptions\FrameworkException::forMissingExtension('intl')
#1 C:\xampp\htdocs\latihan\system\CodeIgniter.php(214): CodeIgniter\CodeIgniter->resolvePlatformExtensions()
#2 C:\xampp\htdocs\latihan\public\index.php(67): CodeIgniter\CodeIgniter->initialize()
#3 {main}
in SYSTEMPATH\Helpers\number_helper.php on line 136.
 1 [internal function]: CodeIgniter\Debug\Exceptions->shutdownHandler()
