ERROR - 2023-12-21 00:05:01 --> mysqli_sql_exception: Cannot add or update a child row: a foreign key constraint fails (`loergrou_loergroup`.`form_pendaftaran`, CONSTRAINT `form_pendaftaran_ibfk_3` FOREIGN KEY (`id_loker`) REFERENCES `lowongan_pekerjaan` (`id_loker`)) in /home/loergrou/app/system/Database/MySQLi/Connection.php:306
Stack trace:
#0 /home/loergrou/app/system/Database/MySQLi/Connection.php(306): mysqli->query('INSERT INTO `fo...', 0)
#1 /home/loergrou/app/system/Database/BaseConnection.php(693): CodeIgniter\Database\MySQLi\Connection->execute('INSERT INTO `fo...')
#2 /home/loergrou/app/system/Database/BaseConnection.php(607): CodeIgniter\Database\BaseConnection->simpleQuery('INSERT INTO `fo...')
#3 /home/loergrou/app/system/Database/BaseBuilder.php(2308): CodeIgniter\Database\BaseConnection->query('INSERT INTO `fo...', Array, false)
#4 /home/loergrou/app/system/Model.php(319): CodeIgniter\Database\BaseBuilder->insert()
#5 /home/loergrou/app/system/BaseModel.php(788): CodeIgniter\Model->doInsert(Array)
#6 /home/loergrou/app/system/Model.php(715): CodeIgniter\BaseModel->insert(Array, true)
#7 /home/loergrou/app/app/Controllers/Apply.php(123): CodeIgniter\Model->insert(Array)
#8 /home/loergrou/app/system/CodeIgniter.php(942): App\Controllers\Apply->daftar()
#9 /home/loergrou/app/system/CodeIgniter.php(502): CodeIgniter\CodeIgniter->runController(Object(App\Controllers\Apply))
#10 /home/loergrou/app/system/CodeIgniter.php(361): CodeIgniter\CodeIgniter->handleRequest(NULL, Object(Config\Cache), false)
#11 /home/loergrou/public_html/public/index.php(79): CodeIgniter\CodeIgniter->run()
#12 {main}
CRITICAL - 2023-12-21 00:05:01 --> Cannot add or update a child row: a foreign key constraint fails (`loergrou_loergroup`.`form_pendaftaran`, CONSTRAINT `form_pendaftaran_ibfk_3` FOREIGN KEY (`id_loker`) REFERENCES `lowongan_pekerjaan` (`id_loker`))
in SYSTEMPATH/Database/BaseConnection.php on line 647.
 1 SYSTEMPATH/Database/BaseBuilder.php(2308): CodeIgniter\Database\BaseConnection->query('INSERT INTO `form_pendaftaran` (`id_pengguna`, `nama`, `email`, `jenkel`, `tempat_lahir`, `tanggal_lahir`, `pend`, `no_telp`, `no_hp`, `alamat`, `linkedin`, `id_loker`, `waktu_apply`, `id_form`, `surat_lamaran`, `cv`, `ktp`, `ijazah`, `skck`, `sertifikat_kompetensi`, `berkas_pendukung`) VALUES (:id_pengguna:, :nama:, :email:, :jenkel:, :tempat_lahir:, :tanggal_lahir:, :pend:, :no_telp:, :no_hp:, :alamat:, :linkedin:, :id_loker:, :waktu_apply:, :id_form:, :surat_lamaran:, :cv:, :ktp:, :ijazah:, :skck:, :sertifikat_kompetensi:, :berkas_pendukung:)', [...], false)
 2 SYSTEMPATH/Model.php(319): CodeIgniter\Database\BaseBuilder->insert()
 3 SYSTEMPATH/BaseModel.php(788): CodeIgniter\Model->doInsert([...])
 4 SYSTEMPATH/Model.php(715): CodeIgniter\BaseModel->insert([...], true)
 5 APPPATH/Controllers/Apply.php(123): CodeIgniter\Model->insert([...])
 6 SYSTEMPATH/CodeIgniter.php(942): App\Controllers\Apply->daftar()
 7 SYSTEMPATH/CodeIgniter.php(502): CodeIgniter\CodeIgniter->runController(Object(App\Controllers\Apply))
 8 SYSTEMPATH/CodeIgniter.php(361): CodeIgniter\CodeIgniter->handleRequest(null, Object(Config\Cache), false)
 9 FCPATH/index.php(79): CodeIgniter\CodeIgniter->run()
ERROR - 2023-12-21 00:07:25 --> mysqli_sql_exception: Cannot add or update a child row: a foreign key constraint fails (`loergrou_loergroup`.`form_pendaftaran`, CONSTRAINT `form_pendaftaran_ibfk_3` FOREIGN KEY (`id_loker`) REFERENCES `lowongan_pekerjaan` (`id_loker`)) in /home/loergrou/app/system/Database/MySQLi/Connection.php:306
Stack trace:
#0 /home/loergrou/app/system/Database/MySQLi/Connection.php(306): mysqli->query('INSERT INTO `fo...', 0)
#1 /home/loergrou/app/system/Database/BaseConnection.php(693): CodeIgniter\Database\MySQLi\Connection->execute('INSERT INTO `fo...')
#2 /home/loergrou/app/system/Database/BaseConnection.php(607): CodeIgniter\Database\BaseConnection->simpleQuery('INSERT INTO `fo...')
#3 /home/loergrou/app/system/Database/BaseBuilder.php(2308): CodeIgniter\Database\BaseConnection->query('INSERT INTO `fo...', Array, false)
#4 /home/loergrou/app/system/Model.php(319): CodeIgniter\Database\BaseBuilder->insert()
#5 /home/loergrou/app/system/BaseModel.php(788): CodeIgniter\Model->doInsert(Array)
#6 /home/loergrou/app/system/Model.php(715): CodeIgniter\BaseModel->insert(Array, true)
#7 /home/loergrou/app/app/Controllers/Apply.php(123): CodeIgniter\Model->insert(Array)
#8 /home/loergrou/app/system/CodeIgniter.php(942): App\Controllers\Apply->daftar()
#9 /home/loergrou/app/system/CodeIgniter.php(502): CodeIgniter\CodeIgniter->runController(Object(App\Controllers\Apply))
#10 /home/loergrou/app/system/CodeIgniter.php(361): CodeIgniter\CodeIgniter->handleRequest(NULL, Object(Config\Cache), false)
#11 /home/loergrou/public_html/public/index.php(79): CodeIgniter\CodeIgniter->run()
#12 {main}
CRITICAL - 2023-12-21 00:07:25 --> Cannot add or update a child row: a foreign key constraint fails (`loergrou_loergroup`.`form_pendaftaran`, CONSTRAINT `form_pendaftaran_ibfk_3` FOREIGN KEY (`id_loker`) REFERENCES `lowongan_pekerjaan` (`id_loker`))
in SYSTEMPATH/Database/BaseConnection.php on line 647.
 1 SYSTEMPATH/Database/BaseBuilder.php(2308): CodeIgniter\Database\BaseConnection->query('INSERT INTO `form_pendaftaran` (`id_pengguna`, `nama`, `email`, `jenkel`, `tempat_lahir`, `tanggal_lahir`, `pend`, `no_telp`, `no_hp`, `alamat`, `linkedin`, `id_loker`, `waktu_apply`, `id_form`, `surat_lamaran`, `cv`, `ktp`, `ijazah`, `skck`, `sertifikat_kompetensi`, `berkas_pendukung`) VALUES (:id_pengguna:, :nama:, :email:, :jenkel:, :tempat_lahir:, :tanggal_lahir:, :pend:, :no_telp:, :no_hp:, :alamat:, :linkedin:, :id_loker:, :waktu_apply:, :id_form:, :surat_lamaran:, :cv:, :ktp:, :ijazah:, :skck:, :sertifikat_kompetensi:, :berkas_pendukung:)', [...], false)
 2 SYSTEMPATH/Model.php(319): CodeIgniter\Database\BaseBuilder->insert()
 3 SYSTEMPATH/BaseModel.php(788): CodeIgniter\Model->doInsert([...])
 4 SYSTEMPATH/Model.php(715): CodeIgniter\BaseModel->insert([...], true)
 5 APPPATH/Controllers/Apply.php(123): CodeIgniter\Model->insert([...])
 6 SYSTEMPATH/CodeIgniter.php(942): App\Controllers\Apply->daftar()
 7 SYSTEMPATH/CodeIgniter.php(502): CodeIgniter\CodeIgniter->runController(Object(App\Controllers\Apply))
 8 SYSTEMPATH/CodeIgniter.php(361): CodeIgniter\CodeIgniter->handleRequest(null, Object(Config\Cache), false)
 9 FCPATH/index.php(79): CodeIgniter\CodeIgniter->run()
ERROR - 2023-12-21 01:10:45 --> mysqli_sql_exception: Cannot add or update a child row: a foreign key constraint fails (`loergrou_loergroup`.`form_pendaftaran`, CONSTRAINT `form_pendaftaran_ibfk_3` FOREIGN KEY (`id_loker`) REFERENCES `lowongan_pekerjaan` (`id_loker`)) in /home/loergrou/app/system/Database/MySQLi/Connection.php:306
Stack trace:
#0 /home/loergrou/app/system/Database/MySQLi/Connection.php(306): mysqli->query('INSERT INTO `fo...', 0)
#1 /home/loergrou/app/system/Database/BaseConnection.php(693): CodeIgniter\Database\MySQLi\Connection->execute('INSERT INTO `fo...')
#2 /home/loergrou/app/system/Database/BaseConnection.php(607): CodeIgniter\Database\BaseConnection->simpleQuery('INSERT INTO `fo...')
#3 /home/loergrou/app/system/Database/BaseBuilder.php(2308): CodeIgniter\Database\BaseConnection->query('INSERT INTO `fo...', Array, false)
#4 /home/loergrou/app/system/Model.php(319): CodeIgniter\Database\BaseBuilder->insert()
#5 /home/loergrou/app/system/BaseModel.php(788): CodeIgniter\Model->doInsert(Array)
#6 /home/loergrou/app/system/Model.php(715): CodeIgniter\BaseModel->insert(Array, true)
#7 /home/loergrou/app/app/Controllers/Apply.php(123): CodeIgniter\Model->insert(Array)
#8 /home/loergrou/app/system/CodeIgniter.php(942): App\Controllers\Apply->daftar()
#9 /home/loergrou/app/system/CodeIgniter.php(502): CodeIgniter\CodeIgniter->runController(Object(App\Controllers\Apply))
#10 /home/loergrou/app/system/CodeIgniter.php(361): CodeIgniter\CodeIgniter->handleRequest(NULL, Object(Config\Cache), false)
#11 /home/loergrou/public_html/public/index.php(79): CodeIgniter\CodeIgniter->run()
#12 {main}
CRITICAL - 2023-12-21 01:10:45 --> Cannot add or update a child row: a foreign key constraint fails (`loergrou_loergroup`.`form_pendaftaran`, CONSTRAINT `form_pendaftaran_ibfk_3` FOREIGN KEY (`id_loker`) REFERENCES `lowongan_pekerjaan` (`id_loker`))
in SYSTEMPATH/Database/BaseConnection.php on line 647.
 1 SYSTEMPATH/Database/BaseBuilder.php(2308): CodeIgniter\Database\BaseConnection->query('INSERT INTO `form_pendaftaran` (`id_pengguna`, `nama`, `email`, `jenkel`, `tempat_lahir`, `tanggal_lahir`, `pend`, `no_telp`, `no_hp`, `alamat`, `linkedin`, `id_loker`, `waktu_apply`, `id_form`, `surat_lamaran`, `cv`, `ktp`, `ijazah`) VALUES (:id_pengguna:, :nama:, :email:, :jenkel:, :tempat_lahir:, :tanggal_lahir:, :pend:, :no_telp:, :no_hp:, :alamat:, :linkedin:, :id_loker:, :waktu_apply:, :id_form:, :surat_lamaran:, :cv:, :ktp:, :ijazah:)', [...], false)
 2 SYSTEMPATH/Model.php(319): CodeIgniter\Database\BaseBuilder->insert()
 3 SYSTEMPATH/BaseModel.php(788): CodeIgniter\Model->doInsert([...])
 4 SYSTEMPATH/Model.php(715): CodeIgniter\BaseModel->insert([...], true)
 5 APPPATH/Controllers/Apply.php(123): CodeIgniter\Model->insert([...])
 6 SYSTEMPATH/CodeIgniter.php(942): App\Controllers\Apply->daftar()
 7 SYSTEMPATH/CodeIgniter.php(502): CodeIgniter\CodeIgniter->runController(Object(App\Controllers\Apply))
 8 SYSTEMPATH/CodeIgniter.php(361): CodeIgniter\CodeIgniter->handleRequest(null, Object(Config\Cache), false)
 9 FCPATH/index.php(79): CodeIgniter\CodeIgniter->run()
ERROR - 2023-12-21 01:12:42 --> mysqli_sql_exception: Cannot add or update a child row: a foreign key constraint fails (`loergrou_loergroup`.`form_pendaftaran`, CONSTRAINT `form_pendaftaran_ibfk_3` FOREIGN KEY (`id_loker`) REFERENCES `lowongan_pekerjaan` (`id_loker`)) in /home/loergrou/app/system/Database/MySQLi/Connection.php:306
Stack trace:
#0 /home/loergrou/app/system/Database/MySQLi/Connection.php(306): mysqli->query('INSERT INTO `fo...', 0)
#1 /home/loergrou/app/system/Database/BaseConnection.php(693): CodeIgniter\Database\MySQLi\Connection->execute('INSERT INTO `fo...')
#2 /home/loergrou/app/system/Database/BaseConnection.php(607): CodeIgniter\Database\BaseConnection->simpleQuery('INSERT INTO `fo...')
#3 /home/loergrou/app/system/Database/BaseBuilder.php(2308): CodeIgniter\Database\BaseConnection->query('INSERT INTO `fo...', Array, false)
#4 /home/loergrou/app/system/Model.php(319): CodeIgniter\Database\BaseBuilder->insert()
#5 /home/loergrou/app/system/BaseModel.php(788): CodeIgniter\Model->doInsert(Array)
#6 /home/loergrou/app/system/Model.php(715): CodeIgniter\BaseModel->insert(Array, true)
#7 /home/loergrou/app/app/Controllers/Apply.php(123): CodeIgniter\Model->insert(Array)
#8 /home/loergrou/app/system/CodeIgniter.php(942): App\Controllers\Apply->daftar()
#9 /home/loergrou/app/system/CodeIgniter.php(502): CodeIgniter\CodeIgniter->runController(Object(App\Controllers\Apply))
#10 /home/loergrou/app/system/CodeIgniter.php(361): CodeIgniter\CodeIgniter->handleRequest(NULL, Object(Config\Cache), false)
#11 /home/loergrou/public_html/public/index.php(79): CodeIgniter\CodeIgniter->run()
#12 {main}
CRITICAL - 2023-12-21 01:12:42 --> Cannot add or update a child row: a foreign key constraint fails (`loergrou_loergroup`.`form_pendaftaran`, CONSTRAINT `form_pendaftaran_ibfk_3` FOREIGN KEY (`id_loker`) REFERENCES `lowongan_pekerjaan` (`id_loker`))
in SYSTEMPATH/Database/BaseConnection.php on line 647.
 1 SYSTEMPATH/Database/BaseBuilder.php(2308): CodeIgniter\Database\BaseConnection->query('INSERT INTO `form_pendaftaran` (`id_pengguna`, `nama`, `email`, `jenkel`, `tempat_lahir`, `tanggal_lahir`, `pend`, `no_telp`, `no_hp`, `alamat`, `linkedin`, `id_loker`, `waktu_apply`, `id_form`, `surat_lamaran`, `cv`, `ktp`, `ijazah`) VALUES (:id_pengguna:, :nama:, :email:, :jenkel:, :tempat_lahir:, :tanggal_lahir:, :pend:, :no_telp:, :no_hp:, :alamat:, :linkedin:, :id_loker:, :waktu_apply:, :id_form:, :surat_lamaran:, :cv:, :ktp:, :ijazah:)', [...], false)
 2 SYSTEMPATH/Model.php(319): CodeIgniter\Database\BaseBuilder->insert()
 3 SYSTEMPATH/BaseModel.php(788): CodeIgniter\Model->doInsert([...])
 4 SYSTEMPATH/Model.php(715): CodeIgniter\BaseModel->insert([...], true)
 5 APPPATH/Controllers/Apply.php(123): CodeIgniter\Model->insert([...])
 6 SYSTEMPATH/CodeIgniter.php(942): App\Controllers\Apply->daftar()
 7 SYSTEMPATH/CodeIgniter.php(502): CodeIgniter\CodeIgniter->runController(Object(App\Controllers\Apply))
 8 SYSTEMPATH/CodeIgniter.php(361): CodeIgniter\CodeIgniter->handleRequest(null, Object(Config\Cache), false)
 9 FCPATH/index.php(79): CodeIgniter\CodeIgniter->run()
ERROR - 2023-12-21 01:12:47 --> mysqli_sql_exception: Cannot add or update a child row: a foreign key constraint fails (`loergrou_loergroup`.`form_pendaftaran`, CONSTRAINT `form_pendaftaran_ibfk_3` FOREIGN KEY (`id_loker`) REFERENCES `lowongan_pekerjaan` (`id_loker`)) in /home/loergrou/app/system/Database/MySQLi/Connection.php:306
Stack trace:
#0 /home/loergrou/app/system/Database/MySQLi/Connection.php(306): mysqli->query('INSERT INTO `fo...', 0)
#1 /home/loergrou/app/system/Database/BaseConnection.php(693): CodeIgniter\Database\MySQLi\Connection->execute('INSERT INTO `fo...')
#2 /home/loergrou/app/system/Database/BaseConnection.php(607): CodeIgniter\Database\BaseConnection->simpleQuery('INSERT INTO `fo...')
#3 /home/loergrou/app/system/Database/BaseBuilder.php(2308): CodeIgniter\Database\BaseConnection->query('INSERT INTO `fo...', Array, false)
#4 /home/loergrou/app/system/Model.php(319): CodeIgniter\Database\BaseBuilder->insert()
#5 /home/loergrou/app/system/BaseModel.php(788): CodeIgniter\Model->doInsert(Array)
#6 /home/loergrou/app/system/Model.php(715): CodeIgniter\BaseModel->insert(Array, true)
#7 /home/loergrou/app/app/Controllers/Apply.php(123): CodeIgniter\Model->insert(Array)
#8 /home/loergrou/app/system/CodeIgniter.php(942): App\Controllers\Apply->daftar()
#9 /home/loergrou/app/system/CodeIgniter.php(502): CodeIgniter\CodeIgniter->runController(Object(App\Controllers\Apply))
#10 /home/loergrou/app/system/CodeIgniter.php(361): CodeIgniter\CodeIgniter->handleRequest(NULL, Object(Config\Cache), false)
#11 /home/loergrou/public_html/public/index.php(79): CodeIgniter\CodeIgniter->run()
#12 {main}
CRITICAL - 2023-12-21 01:12:47 --> Cannot add or update a child row: a foreign key constraint fails (`loergrou_loergroup`.`form_pendaftaran`, CONSTRAINT `form_pendaftaran_ibfk_3` FOREIGN KEY (`id_loker`) REFERENCES `lowongan_pekerjaan` (`id_loker`))
in SYSTEMPATH/Database/BaseConnection.php on line 647.
 1 SYSTEMPATH/Database/BaseBuilder.php(2308): CodeIgniter\Database\BaseConnection->query('INSERT INTO `form_pendaftaran` (`id_pengguna`, `nama`, `email`, `jenkel`, `tempat_lahir`, `tanggal_lahir`, `pend`, `no_telp`, `no_hp`, `alamat`, `linkedin`, `id_loker`, `waktu_apply`, `id_form`, `surat_lamaran`, `cv`, `ktp`, `ijazah`) VALUES (:id_pengguna:, :nama:, :email:, :jenkel:, :tempat_lahir:, :tanggal_lahir:, :pend:, :no_telp:, :no_hp:, :alamat:, :linkedin:, :id_loker:, :waktu_apply:, :id_form:, :surat_lamaran:, :cv:, :ktp:, :ijazah:)', [...], false)
 2 SYSTEMPATH/Model.php(319): CodeIgniter\Database\BaseBuilder->insert()
 3 SYSTEMPATH/BaseModel.php(788): CodeIgniter\Model->doInsert([...])
 4 SYSTEMPATH/Model.php(715): CodeIgniter\BaseModel->insert([...], true)
 5 APPPATH/Controllers/Apply.php(123): CodeIgniter\Model->insert([...])
 6 SYSTEMPATH/CodeIgniter.php(942): App\Controllers\Apply->daftar()
 7 SYSTEMPATH/CodeIgniter.php(502): CodeIgniter\CodeIgniter->runController(Object(App\Controllers\Apply))
 8 SYSTEMPATH/CodeIgniter.php(361): CodeIgniter\CodeIgniter->handleRequest(null, Object(Config\Cache), false)
 9 FCPATH/index.php(79): CodeIgniter\CodeIgniter->run()
ERROR - 2023-12-21 01:12:57 --> mysqli_sql_exception: Cannot add or update a child row: a foreign key constraint fails (`loergrou_loergroup`.`form_pendaftaran`, CONSTRAINT `form_pendaftaran_ibfk_3` FOREIGN KEY (`id_loker`) REFERENCES `lowongan_pekerjaan` (`id_loker`)) in /home/loergrou/app/system/Database/MySQLi/Connection.php:306
Stack trace:
#0 /home/loergrou/app/system/Database/MySQLi/Connection.php(306): mysqli->query('INSERT INTO `fo...', 0)
#1 /home/loergrou/app/system/Database/BaseConnection.php(693): CodeIgniter\Database\MySQLi\Connection->execute('INSERT INTO `fo...')
#2 /home/loergrou/app/system/Database/BaseConnection.php(607): CodeIgniter\Database\BaseConnection->simpleQuery('INSERT INTO `fo...')
#3 /home/loergrou/app/system/Database/BaseBuilder.php(2308): CodeIgniter\Database\BaseConnection->query('INSERT INTO `fo...', Array, false)
#4 /home/loergrou/app/system/Model.php(319): CodeIgniter\Database\BaseBuilder->insert()
#5 /home/loergrou/app/system/BaseModel.php(788): CodeIgniter\Model->doInsert(Array)
#6 /home/loergrou/app/system/Model.php(715): CodeIgniter\BaseModel->insert(Array, true)
#7 /home/loergrou/app/app/Controllers/Apply.php(123): CodeIgniter\Model->insert(Array)
#8 /home/loergrou/app/system/CodeIgniter.php(942): App\Controllers\Apply->daftar()
#9 /home/loergrou/app/system/CodeIgniter.php(502): CodeIgniter\CodeIgniter->runController(Object(App\Controllers\Apply))
#10 /home/loergrou/app/system/CodeIgniter.php(361): CodeIgniter\CodeIgniter->handleRequest(NULL, Object(Config\Cache), false)
#11 /home/loergrou/public_html/public/index.php(79): CodeIgniter\CodeIgniter->run()
#12 {main}
CRITICAL - 2023-12-21 01:12:57 --> Cannot add or update a child row: a foreign key constraint fails (`loergrou_loergroup`.`form_pendaftaran`, CONSTRAINT `form_pendaftaran_ibfk_3` FOREIGN KEY (`id_loker`) REFERENCES `lowongan_pekerjaan` (`id_loker`))
in SYSTEMPATH/Database/BaseConnection.php on line 647.
 1 SYSTEMPATH/Database/BaseBuilder.php(2308): CodeIgniter\Database\BaseConnection->query('INSERT INTO `form_pendaftaran` (`id_pengguna`, `nama`, `email`, `jenkel`, `tempat_lahir`, `tanggal_lahir`, `pend`, `no_telp`, `no_hp`, `alamat`, `linkedin`, `id_loker`, `waktu_apply`, `id_form`, `surat_lamaran`, `cv`, `ktp`, `ijazah`) VALUES (:id_pengguna:, :nama:, :email:, :jenkel:, :tempat_lahir:, :tanggal_lahir:, :pend:, :no_telp:, :no_hp:, :alamat:, :linkedin:, :id_loker:, :waktu_apply:, :id_form:, :surat_lamaran:, :cv:, :ktp:, :ijazah:)', [...], false)
 2 SYSTEMPATH/Model.php(319): CodeIgniter\Database\BaseBuilder->insert()
 3 SYSTEMPATH/BaseModel.php(788): CodeIgniter\Model->doInsert([...])
 4 SYSTEMPATH/Model.php(715): CodeIgniter\BaseModel->insert([...], true)
 5 APPPATH/Controllers/Apply.php(123): CodeIgniter\Model->insert([...])
 6 SYSTEMPATH/CodeIgniter.php(942): App\Controllers\Apply->daftar()
 7 SYSTEMPATH/CodeIgniter.php(502): CodeIgniter\CodeIgniter->runController(Object(App\Controllers\Apply))
 8 SYSTEMPATH/CodeIgniter.php(361): CodeIgniter\CodeIgniter->handleRequest(null, Object(Config\Cache), false)
 9 FCPATH/index.php(79): CodeIgniter\CodeIgniter->run()
ERROR - 2023-12-21 01:13:24 --> mysqli_sql_exception: Cannot add or update a child row: a foreign key constraint fails (`loergrou_loergroup`.`form_pendaftaran`, CONSTRAINT `form_pendaftaran_ibfk_3` FOREIGN KEY (`id_loker`) REFERENCES `lowongan_pekerjaan` (`id_loker`)) in /home/loergrou/app/system/Database/MySQLi/Connection.php:306
Stack trace:
#0 /home/loergrou/app/system/Database/MySQLi/Connection.php(306): mysqli->query('INSERT INTO `fo...', 0)
#1 /home/loergrou/app/system/Database/BaseConnection.php(693): CodeIgniter\Database\MySQLi\Connection->execute('INSERT INTO `fo...')
#2 /home/loergrou/app/system/Database/BaseConnection.php(607): CodeIgniter\Database\BaseConnection->simpleQuery('INSERT INTO `fo...')
#3 /home/loergrou/app/system/Database/BaseBuilder.php(2308): CodeIgniter\Database\BaseConnection->query('INSERT INTO `fo...', Array, false)
#4 /home/loergrou/app/system/Model.php(319): CodeIgniter\Database\BaseBuilder->insert()
#5 /home/loergrou/app/system/BaseModel.php(788): CodeIgniter\Model->doInsert(Array)
#6 /home/loergrou/app/system/Model.php(715): CodeIgniter\BaseModel->insert(Array, true)
#7 /home/loergrou/app/app/Controllers/Apply.php(123): CodeIgniter\Model->insert(Array)
#8 /home/loergrou/app/system/CodeIgniter.php(942): App\Controllers\Apply->daftar()
#9 /home/loergrou/app/system/CodeIgniter.php(502): CodeIgniter\CodeIgniter->runController(Object(App\Controllers\Apply))
#10 /home/loergrou/app/system/CodeIgniter.php(361): CodeIgniter\CodeIgniter->handleRequest(NULL, Object(Config\Cache), false)
#11 /home/loergrou/public_html/public/index.php(79): CodeIgniter\CodeIgniter->run()
#12 {main}
CRITICAL - 2023-12-21 01:13:24 --> Cannot add or update a child row: a foreign key constraint fails (`loergrou_loergroup`.`form_pendaftaran`, CONSTRAINT `form_pendaftaran_ibfk_3` FOREIGN KEY (`id_loker`) REFERENCES `lowongan_pekerjaan` (`id_loker`))
in SYSTEMPATH/Database/BaseConnection.php on line 647.
 1 SYSTEMPATH/Database/BaseBuilder.php(2308): CodeIgniter\Database\BaseConnection->query('INSERT INTO `form_pendaftaran` (`id_pengguna`, `nama`, `email`, `jenkel`, `tempat_lahir`, `tanggal_lahir`, `pend`, `no_telp`, `no_hp`, `alamat`, `linkedin`, `id_loker`, `waktu_apply`, `id_form`, `surat_lamaran`, `cv`, `ktp`, `ijazah`) VALUES (:id_pengguna:, :nama:, :email:, :jenkel:, :tempat_lahir:, :tanggal_lahir:, :pend:, :no_telp:, :no_hp:, :alamat:, :linkedin:, :id_loker:, :waktu_apply:, :id_form:, :surat_lamaran:, :cv:, :ktp:, :ijazah:)', [...], false)
 2 SYSTEMPATH/Model.php(319): CodeIgniter\Database\BaseBuilder->insert()
 3 SYSTEMPATH/BaseModel.php(788): CodeIgniter\Model->doInsert([...])
 4 SYSTEMPATH/Model.php(715): CodeIgniter\BaseModel->insert([...], true)
 5 APPPATH/Controllers/Apply.php(123): CodeIgniter\Model->insert([...])
 6 SYSTEMPATH/CodeIgniter.php(942): App\Controllers\Apply->daftar()
 7 SYSTEMPATH/CodeIgniter.php(502): CodeIgniter\CodeIgniter->runController(Object(App\Controllers\Apply))
 8 SYSTEMPATH/CodeIgniter.php(361): CodeIgniter\CodeIgniter->handleRequest(null, Object(Config\Cache), false)
 9 FCPATH/index.php(79): CodeIgniter\CodeIgniter->run()
ERROR - 2023-12-21 01:14:42 --> mysqli_sql_exception: Cannot add or update a child row: a foreign key constraint fails (`loergrou_loergroup`.`form_pendaftaran`, CONSTRAINT `form_pendaftaran_ibfk_3` FOREIGN KEY (`id_loker`) REFERENCES `lowongan_pekerjaan` (`id_loker`)) in /home/loergrou/app/system/Database/MySQLi/Connection.php:306
Stack trace:
#0 /home/loergrou/app/system/Database/MySQLi/Connection.php(306): mysqli->query('INSERT INTO `fo...', 0)
#1 /home/loergrou/app/system/Database/BaseConnection.php(693): CodeIgniter\Database\MySQLi\Connection->execute('INSERT INTO `fo...')
#2 /home/loergrou/app/system/Database/BaseConnection.php(607): CodeIgniter\Database\BaseConnection->simpleQuery('INSERT INTO `fo...')
#3 /home/loergrou/app/system/Database/BaseBuilder.php(2308): CodeIgniter\Database\BaseConnection->query('INSERT INTO `fo...', Array, false)
#4 /home/loergrou/app/system/Model.php(319): CodeIgniter\Database\BaseBuilder->insert()
#5 /home/loergrou/app/system/BaseModel.php(788): CodeIgniter\Model->doInsert(Array)
#6 /home/loergrou/app/system/Model.php(715): CodeIgniter\BaseModel->insert(Array, true)
#7 /home/loergrou/app/app/Controllers/Apply.php(123): CodeIgniter\Model->insert(Array)
#8 /home/loergrou/app/system/CodeIgniter.php(942): App\Controllers\Apply->daftar()
#9 /home/loergrou/app/system/CodeIgniter.php(502): CodeIgniter\CodeIgniter->runController(Object(App\Controllers\Apply))
#10 /home/loergrou/app/system/CodeIgniter.php(361): CodeIgniter\CodeIgniter->handleRequest(NULL, Object(Config\Cache), false)
#11 /home/loergrou/public_html/public/index.php(79): CodeIgniter\CodeIgniter->run()
#12 {main}
CRITICAL - 2023-12-21 01:14:42 --> Cannot add or update a child row: a foreign key constraint fails (`loergrou_loergroup`.`form_pendaftaran`, CONSTRAINT `form_pendaftaran_ibfk_3` FOREIGN KEY (`id_loker`) REFERENCES `lowongan_pekerjaan` (`id_loker`))
in SYSTEMPATH/Database/BaseConnection.php on line 647.
 1 SYSTEMPATH/Database/BaseBuilder.php(2308): CodeIgniter\Database\BaseConnection->query('INSERT INTO `form_pendaftaran` (`id_pengguna`, `nama`, `email`, `jenkel`, `tempat_lahir`, `tanggal_lahir`, `pend`, `no_telp`, `no_hp`, `alamat`, `linkedin`, `id_loker`, `waktu_apply`, `id_form`, `surat_lamaran`, `cv`, `ktp`, `ijazah`) VALUES (:id_pengguna:, :nama:, :email:, :jenkel:, :tempat_lahir:, :tanggal_lahir:, :pend:, :no_telp:, :no_hp:, :alamat:, :linkedin:, :id_loker:, :waktu_apply:, :id_form:, :surat_lamaran:, :cv:, :ktp:, :ijazah:)', [...], false)
 2 SYSTEMPATH/Model.php(319): CodeIgniter\Database\BaseBuilder->insert()
 3 SYSTEMPATH/BaseModel.php(788): CodeIgniter\Model->doInsert([...])
 4 SYSTEMPATH/Model.php(715): CodeIgniter\BaseModel->insert([...], true)
 5 APPPATH/Controllers/Apply.php(123): CodeIgniter\Model->insert([...])
 6 SYSTEMPATH/CodeIgniter.php(942): App\Controllers\Apply->daftar()
 7 SYSTEMPATH/CodeIgniter.php(502): CodeIgniter\CodeIgniter->runController(Object(App\Controllers\Apply))
 8 SYSTEMPATH/CodeIgniter.php(361): CodeIgniter\CodeIgniter->handleRequest(null, Object(Config\Cache), false)
 9 FCPATH/index.php(79): CodeIgniter\CodeIgniter->run()
ERROR - 2023-12-21 01:16:20 --> mysqli_sql_exception: Cannot add or update a child row: a foreign key constraint fails (`loergrou_loergroup`.`form_pendaftaran`, CONSTRAINT `form_pendaftaran_ibfk_3` FOREIGN KEY (`id_loker`) REFERENCES `lowongan_pekerjaan` (`id_loker`)) in /home/loergrou/app/system/Database/MySQLi/Connection.php:306
Stack trace:
#0 /home/loergrou/app/system/Database/MySQLi/Connection.php(306): mysqli->query('INSERT INTO `fo...', 0)
#1 /home/loergrou/app/system/Database/BaseConnection.php(693): CodeIgniter\Database\MySQLi\Connection->execute('INSERT INTO `fo...')
#2 /home/loergrou/app/system/Database/BaseConnection.php(607): CodeIgniter\Database\BaseConnection->simpleQuery('INSERT INTO `fo...')
#3 /home/loergrou/app/system/Database/BaseBuilder.php(2308): CodeIgniter\Database\BaseConnection->query('INSERT INTO `fo...', Array, false)
#4 /home/loergrou/app/system/Model.php(319): CodeIgniter\Database\BaseBuilder->insert()
#5 /home/loergrou/app/system/BaseModel.php(788): CodeIgniter\Model->doInsert(Array)
#6 /home/loergrou/app/system/Model.php(715): CodeIgniter\BaseModel->insert(Array, true)
#7 /home/loergrou/app/app/Controllers/Apply.php(123): CodeIgniter\Model->insert(Array)
#8 /home/loergrou/app/system/CodeIgniter.php(942): App\Controllers\Apply->daftar()
#9 /home/loergrou/app/system/CodeIgniter.php(502): CodeIgniter\CodeIgniter->runController(Object(App\Controllers\Apply))
#10 /home/loergrou/app/system/CodeIgniter.php(361): CodeIgniter\CodeIgniter->handleRequest(NULL, Object(Config\Cache), false)
#11 /home/loergrou/public_html/public/index.php(79): CodeIgniter\CodeIgniter->run()
#12 {main}
CRITICAL - 2023-12-21 01:16:20 --> Cannot add or update a child row: a foreign key constraint fails (`loergrou_loergroup`.`form_pendaftaran`, CONSTRAINT `form_pendaftaran_ibfk_3` FOREIGN KEY (`id_loker`) REFERENCES `lowongan_pekerjaan` (`id_loker`))
in SYSTEMPATH/Database/BaseConnection.php on line 647.
 1 SYSTEMPATH/Database/BaseBuilder.php(2308): CodeIgniter\Database\BaseConnection->query('INSERT INTO `form_pendaftaran` (`id_pengguna`, `nama`, `email`, `jenkel`, `tempat_lahir`, `tanggal_lahir`, `pend`, `no_telp`, `no_hp`, `alamat`, `linkedin`, `id_loker`, `waktu_apply`, `id_form`, `surat_lamaran`, `cv`, `ktp`, `ijazah`) VALUES (:id_pengguna:, :nama:, :email:, :jenkel:, :tempat_lahir:, :tanggal_lahir:, :pend:, :no_telp:, :no_hp:, :alamat:, :linkedin:, :id_loker:, :waktu_apply:, :id_form:, :surat_lamaran:, :cv:, :ktp:, :ijazah:)', [...], false)
 2 SYSTEMPATH/Model.php(319): CodeIgniter\Database\BaseBuilder->insert()
 3 SYSTEMPATH/BaseModel.php(788): CodeIgniter\Model->doInsert([...])
 4 SYSTEMPATH/Model.php(715): CodeIgniter\BaseModel->insert([...], true)
 5 APPPATH/Controllers/Apply.php(123): CodeIgniter\Model->insert([...])
 6 SYSTEMPATH/CodeIgniter.php(942): App\Controllers\Apply->daftar()
 7 SYSTEMPATH/CodeIgniter.php(502): CodeIgniter\CodeIgniter->runController(Object(App\Controllers\Apply))
 8 SYSTEMPATH/CodeIgniter.php(361): CodeIgniter\CodeIgniter->handleRequest(null, Object(Config\Cache), false)
 9 FCPATH/index.php(79): CodeIgniter\CodeIgniter->run()
CRITICAL - 2023-12-21 02:22:29 --> Trying to access array offset on value of type null
in APPPATH/Views/admin/v_detail_pendaftar.php on line 139.
 1 APPPATH/Views/admin/v_detail_pendaftar.php(139): CodeIgniter\Debug\Exceptions->errorHandler(2, 'Trying to access array offset on value of type null', '/home/loergrou/app/app/Views/admin/v_detail_pendaftar.php', 139)
 2 SYSTEMPATH/View/View.php(228): include('/home/loergrou/app/app/Views/admin/v_detail_pendaftar.php')
 3 SYSTEMPATH/View/View.php(231): CodeIgniter\View\View->CodeIgniter\View\{closure}()
 4 SYSTEMPATH/Common.php(1190): CodeIgniter\View\View->render('admin/v_detail_pendaftar', [], true)
 5 APPPATH/Controllers/DetailPendaftar.php(17): view('admin/v_detail_pendaftar', [...])
 6 SYSTEMPATH/CodeIgniter.php(942): App\Controllers\DetailPendaftar->index('downloadFile')
 7 SYSTEMPATH/CodeIgniter.php(502): CodeIgniter\CodeIgniter->runController(Object(App\Controllers\DetailPendaftar))
 8 SYSTEMPATH/CodeIgniter.php(361): CodeIgniter\CodeIgniter->handleRequest(null, Object(Config\Cache), false)
 9 FCPATH/index.php(79): CodeIgniter\CodeIgniter->run()
CRITICAL - 2023-12-21 02:22:38 --> Trying to access array offset on value of type null
in APPPATH/Views/admin/v_detail_pendaftar.php on line 139.
 1 APPPATH/Views/admin/v_detail_pendaftar.php(139): CodeIgniter\Debug\Exceptions->errorHandler(2, 'Trying to access array offset on value of type null', '/home/loergrou/app/app/Views/admin/v_detail_pendaftar.php', 139)
 2 SYSTEMPATH/View/View.php(228): include('/home/loergrou/app/app/Views/admin/v_detail_pendaftar.php')
 3 SYSTEMPATH/View/View.php(231): CodeIgniter\View\View->CodeIgniter\View\{closure}()
 4 SYSTEMPATH/Common.php(1190): CodeIgniter\View\View->render('admin/v_detail_pendaftar', [], true)
 5 APPPATH/Controllers/DetailPendaftar.php(17): view('admin/v_detail_pendaftar', [...])
 6 SYSTEMPATH/CodeIgniter.php(942): App\Controllers\DetailPendaftar->index('downloadFile')
 7 SYSTEMPATH/CodeIgniter.php(502): CodeIgniter\CodeIgniter->runController(Object(App\Controllers\DetailPendaftar))
 8 SYSTEMPATH/CodeIgniter.php(361): CodeIgniter\CodeIgniter->handleRequest(null, Object(Config\Cache), false)
 9 FCPATH/index.php(79): CodeIgniter\CodeIgniter->run()
CRITICAL - 2023-12-21 02:37:28 --> Trying to access array offset on value of type null
in APPPATH/Views/admin/v_detail_pendaftar.php on line 139.
 1 APPPATH/Views/admin/v_detail_pendaftar.php(139): CodeIgniter\Debug\Exceptions->errorHandler(2, 'Trying to access array offset on value of type null', '/home/loergrou/app/app/Views/admin/v_detail_pendaftar.php', 139)
 2 SYSTEMPATH/View/View.php(228): include('/home/loergrou/app/app/Views/admin/v_detail_pendaftar.php')
 3 SYSTEMPATH/View/View.php(231): CodeIgniter\View\View->CodeIgniter\View\{closure}()
 4 SYSTEMPATH/Common.php(1190): CodeIgniter\View\View->render('admin/v_detail_pendaftar', [], true)
 5 APPPATH/Controllers/DetailPendaftar.php(17): view('admin/v_detail_pendaftar', [...])
 6 SYSTEMPATH/CodeIgniter.php(942): App\Controllers\DetailPendaftar->index('downloadFile')
 7 SYSTEMPATH/CodeIgniter.php(502): CodeIgniter\CodeIgniter->runController(Object(App\Controllers\DetailPendaftar))
 8 SYSTEMPATH/CodeIgniter.php(361): CodeIgniter\CodeIgniter->handleRequest(null, Object(Config\Cache), false)
 9 FCPATH/index.php(79): CodeIgniter\CodeIgniter->run()
ERROR - 2023-12-21 10:00:01 --> mysqli_sql_exception: Cannot add or update a child row: a foreign key constraint fails (`loergrou_loergroup`.`form_pendaftaran`, CONSTRAINT `form_pendaftaran_ibfk_3` FOREIGN KEY (`id_loker`) REFERENCES `lowongan_pekerjaan` (`id_loker`)) in /home/loergrou/app/system/Database/MySQLi/Connection.php:306
Stack trace:
#0 /home/loergrou/app/system/Database/MySQLi/Connection.php(306): mysqli->query('INSERT INTO `fo...', 0)
#1 /home/loergrou/app/system/Database/BaseConnection.php(693): CodeIgniter\Database\MySQLi\Connection->execute('INSERT INTO `fo...')
#2 /home/loergrou/app/system/Database/BaseConnection.php(607): CodeIgniter\Database\BaseConnection->simpleQuery('INSERT INTO `fo...')
#3 /home/loergrou/app/system/Database/BaseBuilder.php(2308): CodeIgniter\Database\BaseConnection->query('INSERT INTO `fo...', Array, false)
#4 /home/loergrou/app/system/Model.php(319): CodeIgniter\Database\BaseBuilder->insert()
#5 /home/loergrou/app/system/BaseModel.php(788): CodeIgniter\Model->doInsert(Array)
#6 /home/loergrou/app/system/Model.php(715): CodeIgniter\BaseModel->insert(Array, true)
#7 /home/loergrou/app/app/Controllers/Apply.php(123): CodeIgniter\Model->insert(Array)
#8 /home/loergrou/app/system/CodeIgniter.php(942): App\Controllers\Apply->daftar()
#9 /home/loergrou/app/system/CodeIgniter.php(502): CodeIgniter\CodeIgniter->runController(Object(App\Controllers\Apply))
#10 /home/loergrou/app/system/CodeIgniter.php(361): CodeIgniter\CodeIgniter->handleRequest(NULL, Object(Config\Cache), false)
#11 /home/loergrou/public_html/public/index.php(79): CodeIgniter\CodeIgniter->run()
#12 {main}
CRITICAL - 2023-12-21 10:00:01 --> Cannot add or update a child row: a foreign key constraint fails (`loergrou_loergroup`.`form_pendaftaran`, CONSTRAINT `form_pendaftaran_ibfk_3` FOREIGN KEY (`id_loker`) REFERENCES `lowongan_pekerjaan` (`id_loker`))
in SYSTEMPATH/Database/BaseConnection.php on line 647.
 1 SYSTEMPATH/Database/BaseBuilder.php(2308): CodeIgniter\Database\BaseConnection->query('INSERT INTO `form_pendaftaran` (`id_pengguna`, `nama`, `email`, `jenkel`, `tempat_lahir`, `tanggal_lahir`, `pend`, `no_telp`, `no_hp`, `alamat`, `linkedin`, `id_loker`, `waktu_apply`, `id_form`, `surat_lamaran`, `cv`, `ktp`, `ijazah`, `sertifikat_kompetensi`, `berkas_pendukung`) VALUES (:id_pengguna:, :nama:, :email:, :jenkel:, :tempat_lahir:, :tanggal_lahir:, :pend:, :no_telp:, :no_hp:, :alamat:, :linkedin:, :id_loker:, :waktu_apply:, :id_form:, :surat_lamaran:, :cv:, :ktp:, :ijazah:, :sertifikat_kompetensi:, :berkas_pendukung:)', [...], false)
 2 SYSTEMPATH/Model.php(319): CodeIgniter\Database\BaseBuilder->insert()
 3 SYSTEMPATH/BaseModel.php(788): CodeIgniter\Model->doInsert([...])
 4 SYSTEMPATH/Model.php(715): CodeIgniter\BaseModel->insert([...], true)
 5 APPPATH/Controllers/Apply.php(123): CodeIgniter\Model->insert([...])
 6 SYSTEMPATH/CodeIgniter.php(942): App\Controllers\Apply->daftar()
 7 SYSTEMPATH/CodeIgniter.php(502): CodeIgniter\CodeIgniter->runController(Object(App\Controllers\Apply))
 8 SYSTEMPATH/CodeIgniter.php(361): CodeIgniter\CodeIgniter->handleRequest(null, Object(Config\Cache), false)
 9 FCPATH/index.php(79): CodeIgniter\CodeIgniter->run()
ERROR - 2023-12-21 10:00:47 --> mysqli_sql_exception: Cannot add or update a child row: a foreign key constraint fails (`loergrou_loergroup`.`form_pendaftaran`, CONSTRAINT `form_pendaftaran_ibfk_3` FOREIGN KEY (`id_loker`) REFERENCES `lowongan_pekerjaan` (`id_loker`)) in /home/loergrou/app/system/Database/MySQLi/Connection.php:306
Stack trace:
#0 /home/loergrou/app/system/Database/MySQLi/Connection.php(306): mysqli->query('INSERT INTO `fo...', 0)
#1 /home/loergrou/app/system/Database/BaseConnection.php(693): CodeIgniter\Database\MySQLi\Connection->execute('INSERT INTO `fo...')
#2 /home/loergrou/app/system/Database/BaseConnection.php(607): CodeIgniter\Database\BaseConnection->simpleQuery('INSERT INTO `fo...')
#3 /home/loergrou/app/system/Database/BaseBuilder.php(2308): CodeIgniter\Database\BaseConnection->query('INSERT INTO `fo...', Array, false)
#4 /home/loergrou/app/system/Model.php(319): CodeIgniter\Database\BaseBuilder->insert()
#5 /home/loergrou/app/system/BaseModel.php(788): CodeIgniter\Model->doInsert(Array)
#6 /home/loergrou/app/system/Model.php(715): CodeIgniter\BaseModel->insert(Array, true)
#7 /home/loergrou/app/app/Controllers/Apply.php(123): CodeIgniter\Model->insert(Array)
#8 /home/loergrou/app/system/CodeIgniter.php(942): App\Controllers\Apply->daftar()
#9 /home/loergrou/app/system/CodeIgniter.php(502): CodeIgniter\CodeIgniter->runController(Object(App\Controllers\Apply))
#10 /home/loergrou/app/system/CodeIgniter.php(361): CodeIgniter\CodeIgniter->handleRequest(NULL, Object(Config\Cache), false)
#11 /home/loergrou/public_html/public/index.php(79): CodeIgniter\CodeIgniter->run()
#12 {main}
CRITICAL - 2023-12-21 10:00:47 --> Cannot add or update a child row: a foreign key constraint fails (`loergrou_loergroup`.`form_pendaftaran`, CONSTRAINT `form_pendaftaran_ibfk_3` FOREIGN KEY (`id_loker`) REFERENCES `lowongan_pekerjaan` (`id_loker`))
in SYSTEMPATH/Database/BaseConnection.php on line 647.
 1 SYSTEMPATH/Database/BaseBuilder.php(2308): CodeIgniter\Database\BaseConnection->query('INSERT INTO `form_pendaftaran` (`id_pengguna`, `nama`, `email`, `jenkel`, `tempat_lahir`, `tanggal_lahir`, `pend`, `no_telp`, `no_hp`, `alamat`, `linkedin`, `id_loker`, `waktu_apply`, `id_form`, `surat_lamaran`, `cv`, `ktp`, `ijazah`, `sertifikat_kompetensi`, `berkas_pendukung`) VALUES (:id_pengguna:, :nama:, :email:, :jenkel:, :tempat_lahir:, :tanggal_lahir:, :pend:, :no_telp:, :no_hp:, :alamat:, :linkedin:, :id_loker:, :waktu_apply:, :id_form:, :surat_lamaran:, :cv:, :ktp:, :ijazah:, :sertifikat_kompetensi:, :berkas_pendukung:)', [...], false)
 2 SYSTEMPATH/Model.php(319): CodeIgniter\Database\BaseBuilder->insert()
 3 SYSTEMPATH/BaseModel.php(788): CodeIgniter\Model->doInsert([...])
 4 SYSTEMPATH/Model.php(715): CodeIgniter\BaseModel->insert([...], true)
 5 APPPATH/Controllers/Apply.php(123): CodeIgniter\Model->insert([...])
 6 SYSTEMPATH/CodeIgniter.php(942): App\Controllers\Apply->daftar()
 7 SYSTEMPATH/CodeIgniter.php(502): CodeIgniter\CodeIgniter->runController(Object(App\Controllers\Apply))
 8 SYSTEMPATH/CodeIgniter.php(361): CodeIgniter\CodeIgniter->handleRequest(null, Object(Config\Cache), false)
 9 FCPATH/index.php(79): CodeIgniter\CodeIgniter->run()
ERROR - 2023-12-21 10:54:20 --> mysqli_sql_exception: Cannot add or update a child row: a foreign key constraint fails (`loergrou_loergroup`.`form_pendaftaran`, CONSTRAINT `form_pendaftaran_ibfk_3` FOREIGN KEY (`id_loker`) REFERENCES `lowongan_pekerjaan` (`id_loker`)) in /home/loergrou/app/system/Database/MySQLi/Connection.php:306
Stack trace:
#0 /home/loergrou/app/system/Database/MySQLi/Connection.php(306): mysqli->query('INSERT INTO `fo...', 0)
#1 /home/loergrou/app/system/Database/BaseConnection.php(693): CodeIgniter\Database\MySQLi\Connection->execute('INSERT INTO `fo...')
#2 /home/loergrou/app/system/Database/BaseConnection.php(607): CodeIgniter\Database\BaseConnection->simpleQuery('INSERT INTO `fo...')
#3 /home/loergrou/app/system/Database/BaseBuilder.php(2308): CodeIgniter\Database\BaseConnection->query('INSERT INTO `fo...', Array, false)
#4 /home/loergrou/app/system/Model.php(319): CodeIgniter\Database\BaseBuilder->insert()
#5 /home/loergrou/app/system/BaseModel.php(788): CodeIgniter\Model->doInsert(Array)
#6 /home/loergrou/app/system/Model.php(715): CodeIgniter\BaseModel->insert(Array, true)
#7 /home/loergrou/app/app/Controllers/Apply.php(123): CodeIgniter\Model->insert(Array)
#8 /home/loergrou/app/system/CodeIgniter.php(942): App\Controllers\Apply->daftar()
#9 /home/loergrou/app/system/CodeIgniter.php(502): CodeIgniter\CodeIgniter->runController(Object(App\Controllers\Apply))
#10 /home/loergrou/app/system/CodeIgniter.php(361): CodeIgniter\CodeIgniter->handleRequest(NULL, Object(Config\Cache), false)
#11 /home/loergrou/public_html/public/index.php(79): CodeIgniter\CodeIgniter->run()
#12 {main}
CRITICAL - 2023-12-21 10:54:20 --> Cannot add or update a child row: a foreign key constraint fails (`loergrou_loergroup`.`form_pendaftaran`, CONSTRAINT `form_pendaftaran_ibfk_3` FOREIGN KEY (`id_loker`) REFERENCES `lowongan_pekerjaan` (`id_loker`))
in SYSTEMPATH/Database/BaseConnection.php on line 647.
 1 SYSTEMPATH/Database/BaseBuilder.php(2308): CodeIgniter\Database\BaseConnection->query('INSERT INTO `form_pendaftaran` (`id_pengguna`, `nama`, `email`, `jenkel`, `tempat_lahir`, `tanggal_lahir`, `pend`, `no_telp`, `no_hp`, `alamat`, `linkedin`, `id_loker`, `waktu_apply`, `id_form`, `surat_lamaran`, `cv`, `ktp`, `ijazah`) VALUES (:id_pengguna:, :nama:, :email:, :jenkel:, :tempat_lahir:, :tanggal_lahir:, :pend:, :no_telp:, :no_hp:, :alamat:, :linkedin:, :id_loker:, :waktu_apply:, :id_form:, :surat_lamaran:, :cv:, :ktp:, :ijazah:)', [...], false)
 2 SYSTEMPATH/Model.php(319): CodeIgniter\Database\BaseBuilder->insert()
 3 SYSTEMPATH/BaseModel.php(788): CodeIgniter\Model->doInsert([...])
 4 SYSTEMPATH/Model.php(715): CodeIgniter\BaseModel->insert([...], true)
 5 APPPATH/Controllers/Apply.php(123): CodeIgniter\Model->insert([...])
 6 SYSTEMPATH/CodeIgniter.php(942): App\Controllers\Apply->daftar()
 7 SYSTEMPATH/CodeIgniter.php(502): CodeIgniter\CodeIgniter->runController(Object(App\Controllers\Apply))
 8 SYSTEMPATH/CodeIgniter.php(361): CodeIgniter\CodeIgniter->handleRequest(null, Object(Config\Cache), false)
 9 FCPATH/index.php(79): CodeIgniter\CodeIgniter->run()
ERROR - 2023-12-21 10:54:42 --> mysqli_sql_exception: Cannot add or update a child row: a foreign key constraint fails (`loergrou_loergroup`.`form_pendaftaran`, CONSTRAINT `form_pendaftaran_ibfk_3` FOREIGN KEY (`id_loker`) REFERENCES `lowongan_pekerjaan` (`id_loker`)) in /home/loergrou/app/system/Database/MySQLi/Connection.php:306
Stack trace:
#0 /home/loergrou/app/system/Database/MySQLi/Connection.php(306): mysqli->query('INSERT INTO `fo...', 0)
#1 /home/loergrou/app/system/Database/BaseConnection.php(693): CodeIgniter\Database\MySQLi\Connection->execute('INSERT INTO `fo...')
#2 /home/loergrou/app/system/Database/BaseConnection.php(607): CodeIgniter\Database\BaseConnection->simpleQuery('INSERT INTO `fo...')
#3 /home/loergrou/app/system/Database/BaseBuilder.php(2308): CodeIgniter\Database\BaseConnection->query('INSERT INTO `fo...', Array, false)
#4 /home/loergrou/app/system/Model.php(319): CodeIgniter\Database\BaseBuilder->insert()
#5 /home/loergrou/app/system/BaseModel.php(788): CodeIgniter\Model->doInsert(Array)
#6 /home/loergrou/app/system/Model.php(715): CodeIgniter\BaseModel->insert(Array, true)
#7 /home/loergrou/app/app/Controllers/Apply.php(123): CodeIgniter\Model->insert(Array)
#8 /home/loergrou/app/system/CodeIgniter.php(942): App\Controllers\Apply->daftar()
#9 /home/loergrou/app/system/CodeIgniter.php(502): CodeIgniter\CodeIgniter->runController(Object(App\Controllers\Apply))
#10 /home/loergrou/app/system/CodeIgniter.php(361): CodeIgniter\CodeIgniter->handleRequest(NULL, Object(Config\Cache), false)
#11 /home/loergrou/public_html/public/index.php(79): CodeIgniter\CodeIgniter->run()
#12 {main}
CRITICAL - 2023-12-21 10:54:42 --> Cannot add or update a child row: a foreign key constraint fails (`loergrou_loergroup`.`form_pendaftaran`, CONSTRAINT `form_pendaftaran_ibfk_3` FOREIGN KEY (`id_loker`) REFERENCES `lowongan_pekerjaan` (`id_loker`))
in SYSTEMPATH/Database/BaseConnection.php on line 647.
 1 SYSTEMPATH/Database/BaseBuilder.php(2308): CodeIgniter\Database\BaseConnection->query('INSERT INTO `form_pendaftaran` (`id_pengguna`, `nama`, `email`, `jenkel`, `tempat_lahir`, `tanggal_lahir`, `pend`, `no_telp`, `no_hp`, `alamat`, `linkedin`, `id_loker`, `waktu_apply`, `id_form`, `surat_lamaran`, `cv`, `ktp`, `ijazah`) VALUES (:id_pengguna:, :nama:, :email:, :jenkel:, :tempat_lahir:, :tanggal_lahir:, :pend:, :no_telp:, :no_hp:, :alamat:, :linkedin:, :id_loker:, :waktu_apply:, :id_form:, :surat_lamaran:, :cv:, :ktp:, :ijazah:)', [...], false)
 2 SYSTEMPATH/Model.php(319): CodeIgniter\Database\BaseBuilder->insert()
 3 SYSTEMPATH/BaseModel.php(788): CodeIgniter\Model->doInsert([...])
 4 SYSTEMPATH/Model.php(715): CodeIgniter\BaseModel->insert([...], true)
 5 APPPATH/Controllers/Apply.php(123): CodeIgniter\Model->insert([...])
 6 SYSTEMPATH/CodeIgniter.php(942): App\Controllers\Apply->daftar()
 7 SYSTEMPATH/CodeIgniter.php(502): CodeIgniter\CodeIgniter->runController(Object(App\Controllers\Apply))
 8 SYSTEMPATH/CodeIgniter.php(361): CodeIgniter\CodeIgniter->handleRequest(null, Object(Config\Cache), false)
 9 FCPATH/index.php(79): CodeIgniter\CodeIgniter->run()
ERROR - 2023-12-21 11:01:48 --> mysqli_sql_exception: Cannot add or update a child row: a foreign key constraint fails (`loergrou_loergroup`.`form_pendaftaran`, CONSTRAINT `form_pendaftaran_ibfk_3` FOREIGN KEY (`id_loker`) REFERENCES `lowongan_pekerjaan` (`id_loker`)) in /home/loergrou/app/system/Database/MySQLi/Connection.php:306
Stack trace:
#0 /home/loergrou/app/system/Database/MySQLi/Connection.php(306): mysqli->query('INSERT INTO `fo...', 0)
#1 /home/loergrou/app/system/Database/BaseConnection.php(693): CodeIgniter\Database\MySQLi\Connection->execute('INSERT INTO `fo...')
#2 /home/loergrou/app/system/Database/BaseConnection.php(607): CodeIgniter\Database\BaseConnection->simpleQuery('INSERT INTO `fo...')
#3 /home/loergrou/app/system/Database/BaseBuilder.php(2308): CodeIgniter\Database\BaseConnection->query('INSERT INTO `fo...', Array, false)
#4 /home/loergrou/app/system/Model.php(319): CodeIgniter\Database\BaseBuilder->insert()
#5 /home/loergrou/app/system/BaseModel.php(788): CodeIgniter\Model->doInsert(Array)
#6 /home/loergrou/app/system/Model.php(715): CodeIgniter\BaseModel->insert(Array, true)
#7 /home/loergrou/app/app/Controllers/Apply.php(123): CodeIgniter\Model->insert(Array)
#8 /home/loergrou/app/system/CodeIgniter.php(942): App\Controllers\Apply->daftar()
#9 /home/loergrou/app/system/CodeIgniter.php(502): CodeIgniter\CodeIgniter->runController(Object(App\Controllers\Apply))
#10 /home/loergrou/app/system/CodeIgniter.php(361): CodeIgniter\CodeIgniter->handleRequest(NULL, Object(Config\Cache), false)
#11 /home/loergrou/public_html/public/index.php(79): CodeIgniter\CodeIgniter->run()
#12 {main}
CRITICAL - 2023-12-21 11:01:48 --> Cannot add or update a child row: a foreign key constraint fails (`loergrou_loergroup`.`form_pendaftaran`, CONSTRAINT `form_pendaftaran_ibfk_3` FOREIGN KEY (`id_loker`) REFERENCES `lowongan_pekerjaan` (`id_loker`))
in SYSTEMPATH/Database/BaseConnection.php on line 647.
 1 SYSTEMPATH/Database/BaseBuilder.php(2308): CodeIgniter\Database\BaseConnection->query('INSERT INTO `form_pendaftaran` (`id_pengguna`, `nama`, `email`, `jenkel`, `tempat_lahir`, `tanggal_lahir`, `pend`, `no_telp`, `no_hp`, `alamat`, `linkedin`, `id_loker`, `waktu_apply`, `id_form`, `surat_lamaran`, `cv`, `ktp`, `ijazah`, `skck`, `packlaring`, `sertifikat_kompetensi`, `berkas_pendukung`) VALUES (:id_pengguna:, :nama:, :email:, :jenkel:, :tempat_lahir:, :tanggal_lahir:, :pend:, :no_telp:, :no_hp:, :alamat:, :linkedin:, :id_loker:, :waktu_apply:, :id_form:, :surat_lamaran:, :cv:, :ktp:, :ijazah:, :skck:, :packlaring:, :sertifikat_kompetensi:, :berkas_pendukung:)', [...], false)
 2 SYSTEMPATH/Model.php(319): CodeIgniter\Database\BaseBuilder->insert()
 3 SYSTEMPATH/BaseModel.php(788): CodeIgniter\Model->doInsert([...])
 4 SYSTEMPATH/Model.php(715): CodeIgniter\BaseModel->insert([...], true)
 5 APPPATH/Controllers/Apply.php(123): CodeIgniter\Model->insert([...])
 6 SYSTEMPATH/CodeIgniter.php(942): App\Controllers\Apply->daftar()
 7 SYSTEMPATH/CodeIgniter.php(502): CodeIgniter\CodeIgniter->runController(Object(App\Controllers\Apply))
 8 SYSTEMPATH/CodeIgniter.php(361): CodeIgniter\CodeIgniter->handleRequest(null, Object(Config\Cache), false)
 9 FCPATH/index.php(79): CodeIgniter\CodeIgniter->run()
