ERROR - 2023-12-18 09:39:54 --> mysqli_sql_exception: Cannot add or update a child row: a foreign key constraint fails (`loergrou_loergroup`.`form_pendaftaran`, CONSTRAINT `form_pendaftaran_ibfk_3` FOREIGN KEY (`id_loker`) REFERENCES `lowongan_pekerjaan` (`id_loker`)) in /home/loergrou/app/system/Database/MySQLi/Connection.php:306
Stack trace:
#0 /home/loergrou/app/system/Database/MySQLi/Connection.php(306): mysqli->query('INSERT INTO `fo...', 0)
#1 /home/loergrou/app/system/Database/BaseConnection.php(693): CodeIgniter\Database\MySQLi\Connection->execute('INSERT INTO `fo...')
#2 /home/loergrou/app/system/Database/BaseConnection.php(607): CodeIgniter\Database\BaseConnection->simpleQuery('INSERT INTO `fo...')
#3 /home/loergrou/app/system/Database/BaseBuilder.php(2308): CodeIgniter\Database\BaseConnection->query('INSERT INTO `fo...', Array, false)
#4 /home/loergrou/app/system/Model.php(319): CodeIgniter\Database\BaseBuilder->insert()
#5 /home/loergrou/app/system/BaseModel.php(788): CodeIgniter\Model->doInsert(Array)
#6 /home/loergrou/app/system/Model.php(715): CodeIgniter\BaseModel->insert(Array, true)
#7 /home/loergrou/app/app/Controllers/Apply.php(123): CodeIgniter\Model->insert(Array)
#8 /home/loergrou/app/system/CodeIgniter.php(942): App\Controllers\Apply->daftar()
#9 /home/loergrou/app/system/CodeIgniter.php(502): CodeIgniter\CodeIgniter->runController(Object(App\Controllers\Apply))
#10 /home/loergrou/app/system/CodeIgniter.php(361): CodeIgniter\CodeIgniter->handleRequest(NULL, Object(Config\Cache), false)
#11 /home/loergrou/public_html/public/index.php(79): CodeIgniter\CodeIgniter->run()
#12 {main}
CRITICAL - 2023-12-18 09:39:54 --> Cannot add or update a child row: a foreign key constraint fails (`loergrou_loergroup`.`form_pendaftaran`, CONSTRAINT `form_pendaftaran_ibfk_3` FOREIGN KEY (`id_loker`) REFERENCES `lowongan_pekerjaan` (`id_loker`))
in SYSTEMPATH/Database/BaseConnection.php on line 647.
 1 SYSTEMPATH/Database/BaseBuilder.php(2308): CodeIgniter\Database\BaseConnection->query('INSERT INTO `form_pendaftaran` (`id_pengguna`, `nama`, `email`, `jenkel`, `tempat_lahir`, `tanggal_lahir`, `pend`, `no_telp`, `no_hp`, `alamat`, `linkedin`, `id_loker`, `waktu_apply`, `id_form`, `surat_lamaran`, `cv`, `ktp`, `ijazah`, `skck`, `sertifikat_kompetensi`) VALUES (:id_pengguna:, :nama:, :email:, :jenkel:, :tempat_lahir:, :tanggal_lahir:, :pend:, :no_telp:, :no_hp:, :alamat:, :linkedin:, :id_loker:, :waktu_apply:, :id_form:, :surat_lamaran:, :cv:, :ktp:, :ijazah:, :skck:, :sertifikat_kompetensi:)', [...], false)
 2 SYSTEMPATH/Model.php(319): CodeIgniter\Database\BaseBuilder->insert()
 3 SYSTEMPATH/BaseModel.php(788): CodeIgniter\Model->doInsert([...])
 4 SYSTEMPATH/Model.php(715): CodeIgniter\BaseModel->insert([...], true)
 5 APPPATH/Controllers/Apply.php(123): CodeIgniter\Model->insert([...])
 6 SYSTEMPATH/CodeIgniter.php(942): App\Controllers\Apply->daftar()
 7 SYSTEMPATH/CodeIgniter.php(502): CodeIgniter\CodeIgniter->runController(Object(App\Controllers\Apply))
 8 SYSTEMPATH/CodeIgniter.php(361): CodeIgniter\CodeIgniter->handleRequest(null, Object(Config\Cache), false)
 9 FCPATH/index.php(79): CodeIgniter\CodeIgniter->run()
ERROR - 2023-12-18 09:40:21 --> mysqli_sql_exception: Cannot add or update a child row: a foreign key constraint fails (`loergrou_loergroup`.`form_pendaftaran`, CONSTRAINT `form_pendaftaran_ibfk_3` FOREIGN KEY (`id_loker`) REFERENCES `lowongan_pekerjaan` (`id_loker`)) in /home/loergrou/app/system/Database/MySQLi/Connection.php:306
Stack trace:
#0 /home/loergrou/app/system/Database/MySQLi/Connection.php(306): mysqli->query('INSERT INTO `fo...', 0)
#1 /home/loergrou/app/system/Database/BaseConnection.php(693): CodeIgniter\Database\MySQLi\Connection->execute('INSERT INTO `fo...')
#2 /home/loergrou/app/system/Database/BaseConnection.php(607): CodeIgniter\Database\BaseConnection->simpleQuery('INSERT INTO `fo...')
#3 /home/loergrou/app/system/Database/BaseBuilder.php(2308): CodeIgniter\Database\BaseConnection->query('INSERT INTO `fo...', Array, false)
#4 /home/loergrou/app/system/Model.php(319): CodeIgniter\Database\BaseBuilder->insert()
#5 /home/loergrou/app/system/BaseModel.php(788): CodeIgniter\Model->doInsert(Array)
#6 /home/loergrou/app/system/Model.php(715): CodeIgniter\BaseModel->insert(Array, true)
#7 /home/loergrou/app/app/Controllers/Apply.php(123): CodeIgniter\Model->insert(Array)
#8 /home/loergrou/app/system/CodeIgniter.php(942): App\Controllers\Apply->daftar()
#9 /home/loergrou/app/system/CodeIgniter.php(502): CodeIgniter\CodeIgniter->runController(Object(App\Controllers\Apply))
#10 /home/loergrou/app/system/CodeIgniter.php(361): CodeIgniter\CodeIgniter->handleRequest(NULL, Object(Config\Cache), false)
#11 /home/loergrou/public_html/public/index.php(79): CodeIgniter\CodeIgniter->run()
#12 {main}
CRITICAL - 2023-12-18 09:40:21 --> Cannot add or update a child row: a foreign key constraint fails (`loergrou_loergroup`.`form_pendaftaran`, CONSTRAINT `form_pendaftaran_ibfk_3` FOREIGN KEY (`id_loker`) REFERENCES `lowongan_pekerjaan` (`id_loker`))
in SYSTEMPATH/Database/BaseConnection.php on line 647.
 1 SYSTEMPATH/Database/BaseBuilder.php(2308): CodeIgniter\Database\BaseConnection->query('INSERT INTO `form_pendaftaran` (`id_pengguna`, `nama`, `email`, `jenkel`, `tempat_lahir`, `tanggal_lahir`, `pend`, `no_telp`, `no_hp`, `alamat`, `linkedin`, `id_loker`, `waktu_apply`, `id_form`, `surat_lamaran`, `cv`, `ktp`, `ijazah`, `skck`, `sertifikat_kompetensi`) VALUES (:id_pengguna:, :nama:, :email:, :jenkel:, :tempat_lahir:, :tanggal_lahir:, :pend:, :no_telp:, :no_hp:, :alamat:, :linkedin:, :id_loker:, :waktu_apply:, :id_form:, :surat_lamaran:, :cv:, :ktp:, :ijazah:, :skck:, :sertifikat_kompetensi:)', [...], false)
 2 SYSTEMPATH/Model.php(319): CodeIgniter\Database\BaseBuilder->insert()
 3 SYSTEMPATH/BaseModel.php(788): CodeIgniter\Model->doInsert([...])
 4 SYSTEMPATH/Model.php(715): CodeIgniter\BaseModel->insert([...], true)
 5 APPPATH/Controllers/Apply.php(123): CodeIgniter\Model->insert([...])
 6 SYSTEMPATH/CodeIgniter.php(942): App\Controllers\Apply->daftar()
 7 SYSTEMPATH/CodeIgniter.php(502): CodeIgniter\CodeIgniter->runController(Object(App\Controllers\Apply))
 8 SYSTEMPATH/CodeIgniter.php(361): CodeIgniter\CodeIgniter->handleRequest(null, Object(Config\Cache), false)
 9 FCPATH/index.php(79): CodeIgniter\CodeIgniter->run()
ERROR - 2023-12-18 09:41:35 --> mysqli_sql_exception: Cannot add or update a child row: a foreign key constraint fails (`loergrou_loergroup`.`form_pendaftaran`, CONSTRAINT `form_pendaftaran_ibfk_3` FOREIGN KEY (`id_loker`) REFERENCES `lowongan_pekerjaan` (`id_loker`)) in /home/loergrou/app/system/Database/MySQLi/Connection.php:306
Stack trace:
#0 /home/loergrou/app/system/Database/MySQLi/Connection.php(306): mysqli->query('INSERT INTO `fo...', 0)
#1 /home/loergrou/app/system/Database/BaseConnection.php(693): CodeIgniter\Database\MySQLi\Connection->execute('INSERT INTO `fo...')
#2 /home/loergrou/app/system/Database/BaseConnection.php(607): CodeIgniter\Database\BaseConnection->simpleQuery('INSERT INTO `fo...')
#3 /home/loergrou/app/system/Database/BaseBuilder.php(2308): CodeIgniter\Database\BaseConnection->query('INSERT INTO `fo...', Array, false)
#4 /home/loergrou/app/system/Model.php(319): CodeIgniter\Database\BaseBuilder->insert()
#5 /home/loergrou/app/system/BaseModel.php(788): CodeIgniter\Model->doInsert(Array)
#6 /home/loergrou/app/system/Model.php(715): CodeIgniter\BaseModel->insert(Array, true)
#7 /home/loergrou/app/app/Controllers/Apply.php(123): CodeIgniter\Model->insert(Array)
#8 /home/loergrou/app/system/CodeIgniter.php(942): App\Controllers\Apply->daftar()
#9 /home/loergrou/app/system/CodeIgniter.php(502): CodeIgniter\CodeIgniter->runController(Object(App\Controllers\Apply))
#10 /home/loergrou/app/system/CodeIgniter.php(361): CodeIgniter\CodeIgniter->handleRequest(NULL, Object(Config\Cache), false)
#11 /home/loergrou/public_html/public/index.php(79): CodeIgniter\CodeIgniter->run()
#12 {main}
CRITICAL - 2023-12-18 09:41:35 --> Cannot add or update a child row: a foreign key constraint fails (`loergrou_loergroup`.`form_pendaftaran`, CONSTRAINT `form_pendaftaran_ibfk_3` FOREIGN KEY (`id_loker`) REFERENCES `lowongan_pekerjaan` (`id_loker`))
in SYSTEMPATH/Database/BaseConnection.php on line 647.
 1 SYSTEMPATH/Database/BaseBuilder.php(2308): CodeIgniter\Database\BaseConnection->query('INSERT INTO `form_pendaftaran` (`id_pengguna`, `nama`, `email`, `jenkel`, `tempat_lahir`, `tanggal_lahir`, `pend`, `no_telp`, `no_hp`, `alamat`, `linkedin`, `id_loker`, `waktu_apply`, `id_form`, `surat_lamaran`, `cv`, `ktp`, `ijazah`, `skck`, `sertifikat_kompetensi`) VALUES (:id_pengguna:, :nama:, :email:, :jenkel:, :tempat_lahir:, :tanggal_lahir:, :pend:, :no_telp:, :no_hp:, :alamat:, :linkedin:, :id_loker:, :waktu_apply:, :id_form:, :surat_lamaran:, :cv:, :ktp:, :ijazah:, :skck:, :sertifikat_kompetensi:)', [...], false)
 2 SYSTEMPATH/Model.php(319): CodeIgniter\Database\BaseBuilder->insert()
 3 SYSTEMPATH/BaseModel.php(788): CodeIgniter\Model->doInsert([...])
 4 SYSTEMPATH/Model.php(715): CodeIgniter\BaseModel->insert([...], true)
 5 APPPATH/Controllers/Apply.php(123): CodeIgniter\Model->insert([...])
 6 SYSTEMPATH/CodeIgniter.php(942): App\Controllers\Apply->daftar()
 7 SYSTEMPATH/CodeIgniter.php(502): CodeIgniter\CodeIgniter->runController(Object(App\Controllers\Apply))
 8 SYSTEMPATH/CodeIgniter.php(361): CodeIgniter\CodeIgniter->handleRequest(null, Object(Config\Cache), false)
 9 FCPATH/index.php(79): CodeIgniter\CodeIgniter->run()
ERROR - 2023-12-18 09:45:37 --> mysqli_sql_exception: Cannot add or update a child row: a foreign key constraint fails (`loergrou_loergroup`.`form_pendaftaran`, CONSTRAINT `form_pendaftaran_ibfk_3` FOREIGN KEY (`id_loker`) REFERENCES `lowongan_pekerjaan` (`id_loker`)) in /home/loergrou/app/system/Database/MySQLi/Connection.php:306
Stack trace:
#0 /home/loergrou/app/system/Database/MySQLi/Connection.php(306): mysqli->query('INSERT INTO `fo...', 0)
#1 /home/loergrou/app/system/Database/BaseConnection.php(693): CodeIgniter\Database\MySQLi\Connection->execute('INSERT INTO `fo...')
#2 /home/loergrou/app/system/Database/BaseConnection.php(607): CodeIgniter\Database\BaseConnection->simpleQuery('INSERT INTO `fo...')
#3 /home/loergrou/app/system/Database/BaseBuilder.php(2308): CodeIgniter\Database\BaseConnection->query('INSERT INTO `fo...', Array, false)
#4 /home/loergrou/app/system/Model.php(319): CodeIgniter\Database\BaseBuilder->insert()
#5 /home/loergrou/app/system/BaseModel.php(788): CodeIgniter\Model->doInsert(Array)
#6 /home/loergrou/app/system/Model.php(715): CodeIgniter\BaseModel->insert(Array, true)
#7 /home/loergrou/app/app/Controllers/Apply.php(123): CodeIgniter\Model->insert(Array)
#8 /home/loergrou/app/system/CodeIgniter.php(942): App\Controllers\Apply->daftar()
#9 /home/loergrou/app/system/CodeIgniter.php(502): CodeIgniter\CodeIgniter->runController(Object(App\Controllers\Apply))
#10 /home/loergrou/app/system/CodeIgniter.php(361): CodeIgniter\CodeIgniter->handleRequest(NULL, Object(Config\Cache), false)
#11 /home/loergrou/public_html/public/index.php(79): CodeIgniter\CodeIgniter->run()
#12 {main}
CRITICAL - 2023-12-18 09:45:37 --> Cannot add or update a child row: a foreign key constraint fails (`loergrou_loergroup`.`form_pendaftaran`, CONSTRAINT `form_pendaftaran_ibfk_3` FOREIGN KEY (`id_loker`) REFERENCES `lowongan_pekerjaan` (`id_loker`))
in SYSTEMPATH/Database/BaseConnection.php on line 647.
 1 SYSTEMPATH/Database/BaseBuilder.php(2308): CodeIgniter\Database\BaseConnection->query('INSERT INTO `form_pendaftaran` (`id_pengguna`, `nama`, `email`, `jenkel`, `tempat_lahir`, `tanggal_lahir`, `pend`, `no_telp`, `no_hp`, `alamat`, `linkedin`, `id_loker`, `waktu_apply`, `id_form`, `surat_lamaran`, `cv`, `ktp`, `ijazah`, `skck`, `sertifikat_kompetensi`) VALUES (:id_pengguna:, :nama:, :email:, :jenkel:, :tempat_lahir:, :tanggal_lahir:, :pend:, :no_telp:, :no_hp:, :alamat:, :linkedin:, :id_loker:, :waktu_apply:, :id_form:, :surat_lamaran:, :cv:, :ktp:, :ijazah:, :skck:, :sertifikat_kompetensi:)', [...], false)
 2 SYSTEMPATH/Model.php(319): CodeIgniter\Database\BaseBuilder->insert()
 3 SYSTEMPATH/BaseModel.php(788): CodeIgniter\Model->doInsert([...])
 4 SYSTEMPATH/Model.php(715): CodeIgniter\BaseModel->insert([...], true)
 5 APPPATH/Controllers/Apply.php(123): CodeIgniter\Model->insert([...])
 6 SYSTEMPATH/CodeIgniter.php(942): App\Controllers\Apply->daftar()
 7 SYSTEMPATH/CodeIgniter.php(502): CodeIgniter\CodeIgniter->runController(Object(App\Controllers\Apply))
 8 SYSTEMPATH/CodeIgniter.php(361): CodeIgniter\CodeIgniter->handleRequest(null, Object(Config\Cache), false)
 9 FCPATH/index.php(79): CodeIgniter\CodeIgniter->run()
ERROR - 2023-12-18 14:39:33 --> mysqli_sql_exception: Cannot add or update a child row: a foreign key constraint fails (`loergrou_loergroup`.`form_pendaftaran`, CONSTRAINT `form_pendaftaran_ibfk_3` FOREIGN KEY (`id_loker`) REFERENCES `lowongan_pekerjaan` (`id_loker`)) in /home/loergrou/app/system/Database/MySQLi/Connection.php:306
Stack trace:
#0 /home/loergrou/app/system/Database/MySQLi/Connection.php(306): mysqli->query('INSERT INTO `fo...', 0)
#1 /home/loergrou/app/system/Database/BaseConnection.php(693): CodeIgniter\Database\MySQLi\Connection->execute('INSERT INTO `fo...')
#2 /home/loergrou/app/system/Database/BaseConnection.php(607): CodeIgniter\Database\BaseConnection->simpleQuery('INSERT INTO `fo...')
#3 /home/loergrou/app/system/Database/BaseBuilder.php(2308): CodeIgniter\Database\BaseConnection->query('INSERT INTO `fo...', Array, false)
#4 /home/loergrou/app/system/Model.php(319): CodeIgniter\Database\BaseBuilder->insert()
#5 /home/loergrou/app/system/BaseModel.php(788): CodeIgniter\Model->doInsert(Array)
#6 /home/loergrou/app/system/Model.php(715): CodeIgniter\BaseModel->insert(Array, true)
#7 /home/loergrou/app/app/Controllers/Apply.php(123): CodeIgniter\Model->insert(Array)
#8 /home/loergrou/app/system/CodeIgniter.php(942): App\Controllers\Apply->daftar()
#9 /home/loergrou/app/system/CodeIgniter.php(502): CodeIgniter\CodeIgniter->runController(Object(App\Controllers\Apply))
#10 /home/loergrou/app/system/CodeIgniter.php(361): CodeIgniter\CodeIgniter->handleRequest(NULL, Object(Config\Cache), false)
#11 /home/loergrou/public_html/public/index.php(79): CodeIgniter\CodeIgniter->run()
#12 {main}
CRITICAL - 2023-12-18 14:39:33 --> Cannot add or update a child row: a foreign key constraint fails (`loergrou_loergroup`.`form_pendaftaran`, CONSTRAINT `form_pendaftaran_ibfk_3` FOREIGN KEY (`id_loker`) REFERENCES `lowongan_pekerjaan` (`id_loker`))
in SYSTEMPATH/Database/BaseConnection.php on line 647.
 1 SYSTEMPATH/Database/BaseBuilder.php(2308): CodeIgniter\Database\BaseConnection->query('INSERT INTO `form_pendaftaran` (`id_pengguna`, `nama`, `email`, `jenkel`, `tempat_lahir`, `tanggal_lahir`, `pend`, `no_telp`, `no_hp`, `alamat`, `linkedin`, `id_loker`, `waktu_apply`, `id_form`, `surat_lamaran`, `cv`, `ktp`, `ijazah`, `skck`, `sertifikat_kompetensi`, `berkas_pendukung`) VALUES (:id_pengguna:, :nama:, :email:, :jenkel:, :tempat_lahir:, :tanggal_lahir:, :pend:, :no_telp:, :no_hp:, :alamat:, :linkedin:, :id_loker:, :waktu_apply:, :id_form:, :surat_lamaran:, :cv:, :ktp:, :ijazah:, :skck:, :sertifikat_kompetensi:, :berkas_pendukung:)', [...], false)
 2 SYSTEMPATH/Model.php(319): CodeIgniter\Database\BaseBuilder->insert()
 3 SYSTEMPATH/BaseModel.php(788): CodeIgniter\Model->doInsert([...])
 4 SYSTEMPATH/Model.php(715): CodeIgniter\BaseModel->insert([...], true)
 5 APPPATH/Controllers/Apply.php(123): CodeIgniter\Model->insert([...])
 6 SYSTEMPATH/CodeIgniter.php(942): App\Controllers\Apply->daftar()
 7 SYSTEMPATH/CodeIgniter.php(502): CodeIgniter\CodeIgniter->runController(Object(App\Controllers\Apply))
 8 SYSTEMPATH/CodeIgniter.php(361): CodeIgniter\CodeIgniter->handleRequest(null, Object(Config\Cache), false)
 9 FCPATH/index.php(79): CodeIgniter\CodeIgniter->run()
ERROR - 2023-12-18 14:40:13 --> mysqli_sql_exception: Cannot add or update a child row: a foreign key constraint fails (`loergrou_loergroup`.`form_pendaftaran`, CONSTRAINT `form_pendaftaran_ibfk_3` FOREIGN KEY (`id_loker`) REFERENCES `lowongan_pekerjaan` (`id_loker`)) in /home/loergrou/app/system/Database/MySQLi/Connection.php:306
Stack trace:
#0 /home/loergrou/app/system/Database/MySQLi/Connection.php(306): mysqli->query('INSERT INTO `fo...', 0)
#1 /home/loergrou/app/system/Database/BaseConnection.php(693): CodeIgniter\Database\MySQLi\Connection->execute('INSERT INTO `fo...')
#2 /home/loergrou/app/system/Database/BaseConnection.php(607): CodeIgniter\Database\BaseConnection->simpleQuery('INSERT INTO `fo...')
#3 /home/loergrou/app/system/Database/BaseBuilder.php(2308): CodeIgniter\Database\BaseConnection->query('INSERT INTO `fo...', Array, false)
#4 /home/loergrou/app/system/Model.php(319): CodeIgniter\Database\BaseBuilder->insert()
#5 /home/loergrou/app/system/BaseModel.php(788): CodeIgniter\Model->doInsert(Array)
#6 /home/loergrou/app/system/Model.php(715): CodeIgniter\BaseModel->insert(Array, true)
#7 /home/loergrou/app/app/Controllers/Apply.php(123): CodeIgniter\Model->insert(Array)
#8 /home/loergrou/app/system/CodeIgniter.php(942): App\Controllers\Apply->daftar()
#9 /home/loergrou/app/system/CodeIgniter.php(502): CodeIgniter\CodeIgniter->runController(Object(App\Controllers\Apply))
#10 /home/loergrou/app/system/CodeIgniter.php(361): CodeIgniter\CodeIgniter->handleRequest(NULL, Object(Config\Cache), false)
#11 /home/loergrou/public_html/public/index.php(79): CodeIgniter\CodeIgniter->run()
#12 {main}
CRITICAL - 2023-12-18 14:40:13 --> Cannot add or update a child row: a foreign key constraint fails (`loergrou_loergroup`.`form_pendaftaran`, CONSTRAINT `form_pendaftaran_ibfk_3` FOREIGN KEY (`id_loker`) REFERENCES `lowongan_pekerjaan` (`id_loker`))
in SYSTEMPATH/Database/BaseConnection.php on line 647.
 1 SYSTEMPATH/Database/BaseBuilder.php(2308): CodeIgniter\Database\BaseConnection->query('INSERT INTO `form_pendaftaran` (`id_pengguna`, `nama`, `email`, `jenkel`, `tempat_lahir`, `tanggal_lahir`, `pend`, `no_telp`, `no_hp`, `alamat`, `linkedin`, `id_loker`, `waktu_apply`, `id_form`, `surat_lamaran`, `cv`, `ktp`, `ijazah`, `skck`, `sertifikat_kompetensi`, `berkas_pendukung`) VALUES (:id_pengguna:, :nama:, :email:, :jenkel:, :tempat_lahir:, :tanggal_lahir:, :pend:, :no_telp:, :no_hp:, :alamat:, :linkedin:, :id_loker:, :waktu_apply:, :id_form:, :surat_lamaran:, :cv:, :ktp:, :ijazah:, :skck:, :sertifikat_kompetensi:, :berkas_pendukung:)', [...], false)
 2 SYSTEMPATH/Model.php(319): CodeIgniter\Database\BaseBuilder->insert()
 3 SYSTEMPATH/BaseModel.php(788): CodeIgniter\Model->doInsert([...])
 4 SYSTEMPATH/Model.php(715): CodeIgniter\BaseModel->insert([...], true)
 5 APPPATH/Controllers/Apply.php(123): CodeIgniter\Model->insert([...])
 6 SYSTEMPATH/CodeIgniter.php(942): App\Controllers\Apply->daftar()
 7 SYSTEMPATH/CodeIgniter.php(502): CodeIgniter\CodeIgniter->runController(Object(App\Controllers\Apply))
 8 SYSTEMPATH/CodeIgniter.php(361): CodeIgniter\CodeIgniter->handleRequest(null, Object(Config\Cache), false)
 9 FCPATH/index.php(79): CodeIgniter\CodeIgniter->run()
ERROR - 2023-12-18 14:40:33 --> mysqli_sql_exception: Cannot add or update a child row: a foreign key constraint fails (`loergrou_loergroup`.`form_pendaftaran`, CONSTRAINT `form_pendaftaran_ibfk_3` FOREIGN KEY (`id_loker`) REFERENCES `lowongan_pekerjaan` (`id_loker`)) in /home/loergrou/app/system/Database/MySQLi/Connection.php:306
Stack trace:
#0 /home/loergrou/app/system/Database/MySQLi/Connection.php(306): mysqli->query('INSERT INTO `fo...', 0)
#1 /home/loergrou/app/system/Database/BaseConnection.php(693): CodeIgniter\Database\MySQLi\Connection->execute('INSERT INTO `fo...')
#2 /home/loergrou/app/system/Database/BaseConnection.php(607): CodeIgniter\Database\BaseConnection->simpleQuery('INSERT INTO `fo...')
#3 /home/loergrou/app/system/Database/BaseBuilder.php(2308): CodeIgniter\Database\BaseConnection->query('INSERT INTO `fo...', Array, false)
#4 /home/loergrou/app/system/Model.php(319): CodeIgniter\Database\BaseBuilder->insert()
#5 /home/loergrou/app/system/BaseModel.php(788): CodeIgniter\Model->doInsert(Array)
#6 /home/loergrou/app/system/Model.php(715): CodeIgniter\BaseModel->insert(Array, true)
#7 /home/loergrou/app/app/Controllers/Apply.php(123): CodeIgniter\Model->insert(Array)
#8 /home/loergrou/app/system/CodeIgniter.php(942): App\Controllers\Apply->daftar()
#9 /home/loergrou/app/system/CodeIgniter.php(502): CodeIgniter\CodeIgniter->runController(Object(App\Controllers\Apply))
#10 /home/loergrou/app/system/CodeIgniter.php(361): CodeIgniter\CodeIgniter->handleRequest(NULL, Object(Config\Cache), false)
#11 /home/loergrou/public_html/public/index.php(79): CodeIgniter\CodeIgniter->run()
#12 {main}
CRITICAL - 2023-12-18 14:40:33 --> Cannot add or update a child row: a foreign key constraint fails (`loergrou_loergroup`.`form_pendaftaran`, CONSTRAINT `form_pendaftaran_ibfk_3` FOREIGN KEY (`id_loker`) REFERENCES `lowongan_pekerjaan` (`id_loker`))
in SYSTEMPATH/Database/BaseConnection.php on line 647.
 1 SYSTEMPATH/Database/BaseBuilder.php(2308): CodeIgniter\Database\BaseConnection->query('INSERT INTO `form_pendaftaran` (`id_pengguna`, `nama`, `email`, `jenkel`, `tempat_lahir`, `tanggal_lahir`, `pend`, `no_telp`, `no_hp`, `alamat`, `linkedin`, `id_loker`, `waktu_apply`, `id_form`, `surat_lamaran`, `cv`, `ktp`, `ijazah`, `skck`, `sertifikat_kompetensi`, `berkas_pendukung`) VALUES (:id_pengguna:, :nama:, :email:, :jenkel:, :tempat_lahir:, :tanggal_lahir:, :pend:, :no_telp:, :no_hp:, :alamat:, :linkedin:, :id_loker:, :waktu_apply:, :id_form:, :surat_lamaran:, :cv:, :ktp:, :ijazah:, :skck:, :sertifikat_kompetensi:, :berkas_pendukung:)', [...], false)
 2 SYSTEMPATH/Model.php(319): CodeIgniter\Database\BaseBuilder->insert()
 3 SYSTEMPATH/BaseModel.php(788): CodeIgniter\Model->doInsert([...])
 4 SYSTEMPATH/Model.php(715): CodeIgniter\BaseModel->insert([...], true)
 5 APPPATH/Controllers/Apply.php(123): CodeIgniter\Model->insert([...])
 6 SYSTEMPATH/CodeIgniter.php(942): App\Controllers\Apply->daftar()
 7 SYSTEMPATH/CodeIgniter.php(502): CodeIgniter\CodeIgniter->runController(Object(App\Controllers\Apply))
 8 SYSTEMPATH/CodeIgniter.php(361): CodeIgniter\CodeIgniter->handleRequest(null, Object(Config\Cache), false)
 9 FCPATH/index.php(79): CodeIgniter\CodeIgniter->run()
