ERROR - 2024-07-06 11:37:37 --> Email: Unable to send email using SMTP. Your server might not be configured to send mail using this method.
ERROR - 2024-07-06 11:37:37 --> 220-tamanan.idweb.host ESMTP Exim 4.97.1 #2 Sat, 06 Jul 2024 11:37:35 +0700 
220-We do not authorize the use of this system to transport unsolicited, 
220 and/or bulk e-mail.

hello: 250-tamanan.idweb.host Hello loergroup.com [202.52.146.167]
250-SIZE 52428800
250-8BITMIME
250-PIPELINING
250-PIPECONNECT
250-AUTH PLAIN LOGIN
250 HELP

Failed to authenticate password. Error: 535 Incorrect authentication data

ERROR - 2024-07-06 19:15:47 --> Email: Unable to send email using SMTP. Your server might not be configured to send mail using this method.
ERROR - 2024-07-06 19:15:47 --> 220-tamanan.idweb.host ESMTP Exim 4.97.1 #2 Sat, 06 Jul 2024 19:15:45 +0700 
220-We do not authorize the use of this system to transport unsolicited, 
220 and/or bulk e-mail.

hello: 250-tamanan.idweb.host Hello loergroup.com [202.52.146.167]
250-SIZE 52428800
250-8BITMIME
250-PIPELINING
250-PIPECONNECT
250-AUTH PLAIN LOGIN
250 HELP

Failed to authenticate password. Error: 535 Incorrect authentication data

